{"/home/travis/build/npmtest/node-npmtest-templatizer/test.js":{"path":"/home/travis/build/npmtest/node-npmtest-templatizer/test.js","s":{"1":2,"2":2,"3":2,"4":2,"5":2,"6":2,"7":2,"8":1,"9":2,"10":2,"11":1,"12":1,"13":1,"14":1,"15":2,"16":2,"17":2,"18":2,"19":1,"20":1,"21":2,"22":2,"23":2,"24":1,"25":1,"26":1,"27":1,"28":1,"29":1,"30":1,"31":1,"32":1,"33":1,"34":1,"35":1,"36":1,"37":1,"38":1,"39":2,"40":2,"41":1,"42":2,"43":2,"44":1,"45":2,"46":2,"47":1,"48":2,"49":2,"50":1,"51":1,"52":1,"53":1,"54":1},"b":{"1":[2,1,1,1],"2":[1,1,1,1],"3":[1,1],"4":[1,1],"5":[1,1],"6":[1,1],"7":[1,1],"8":[1,1],"9":[1,1],"10":[1,1,1],"11":[1,1],"12":[1,1],"13":[1,1],"14":[1,1],"15":[1,1],"16":[1,1],"17":[1,1]},"f":{"1":2,"2":2,"3":2,"4":2,"5":2,"6":1,"7":1,"8":1,"9":2,"10":2,"11":2,"12":2,"13":1},"fnMap":{"1":{"name":"(anonymous_1)","line":12,"loc":{"start":{"line":12,"column":1},"end":{"line":12,"column":13}}},"2":{"name":"(anonymous_2)","line":19,"loc":{"start":{"line":19,"column":5},"end":{"line":19,"column":17}}},"3":{"name":"(anonymous_3)","line":23,"loc":{"start":{"line":23,"column":24},"end":{"line":23,"column":36}}},"4":{"name":"(anonymous_4)","line":61,"loc":{"start":{"line":61,"column":5},"end":{"line":61,"column":17}}},"5":{"name":"(anonymous_5)","line":82,"loc":{"start":{"line":82,"column":5},"end":{"line":82,"column":17}}},"6":{"name":"(anonymous_6)","line":91,"loc":{"start":{"line":91,"column":77},"end":{"line":94,"column":10}}},"7":{"name":"(anonymous_7)","line":112,"loc":{"start":{"line":112,"column":83},"end":{"line":115,"column":10}},"skip":true},"8":{"name":"(anonymous_8)","line":123,"loc":{"start":{"line":123,"column":77},"end":{"line":126,"column":10}},"skip":true},"9":{"name":"(anonymous_9)","line":139,"loc":{"start":{"line":139,"column":12},"end":{"line":139,"column":40}},"skip":true},"10":{"name":"(anonymous_10)","line":147,"loc":{"start":{"line":147,"column":77},"end":{"line":150,"column":10}},"skip":true},"11":{"name":"(anonymous_11)","line":158,"loc":{"start":{"line":158,"column":83},"end":{"line":161,"column":10}},"skip":true},"12":{"name":"(anonymous_12)","line":169,"loc":{"start":{"line":169,"column":79},"end":{"line":172,"column":10}},"skip":true},"13":{"name":"(anonymous_13)","line":180,"loc":{"start":{"line":180,"column":75},"end":{"line":183,"column":10}},"skip":true}},"statementMap":{"1":{"start":{"line":12,"column":0},"end":{"line":195,"column":5}},"2":{"start":{"line":14,"column":4},"end":{"line":14,"column":14}},"3":{"start":{"line":19,"column":4},"end":{"line":56,"column":9}},"4":{"start":{"line":21,"column":8},"end":{"line":21,"column":19}},"5":{"start":{"line":23,"column":8},"end":{"line":35,"column":13}},"6":{"start":{"line":24,"column":12},"end":{"line":34,"column":13}},"7":{"start":{"line":25,"column":16},"end":{"line":28,"column":30}},"8":{"start":{"line":30,"column":16},"end":{"line":33,"column":27}},"9":{"start":{"line":37,"column":8},"end":{"line":39,"column":21}},"10":{"start":{"line":40,"column":8},"end":{"line":53,"column":9}},"11":{"start":{"line":43,"column":12},"end":{"line":46,"column":14}},"12":{"start":{"line":47,"column":12},"end":{"line":47,"column":18}},"13":{"start":{"line":50,"column":12},"end":{"line":51,"column":33}},"14":{"start":{"line":52,"column":12},"end":{"line":52,"column":18}},"15":{"start":{"line":55,"column":8},"end":{"line":55,"column":35}},"16":{"start":{"line":61,"column":4},"end":{"line":63,"column":9}},"17":{"start":{"line":62,"column":8},"end":{"line":62,"column":15}},"18":{"start":{"line":64,"column":4},"end":{"line":77,"column":5}},"19":{"start":{"line":70,"column":8},"end":{"line":70,"column":14}},"20":{"start":{"line":76,"column":8},"end":{"line":76,"column":14}},"21":{"start":{"line":82,"column":4},"end":{"line":84,"column":9}},"22":{"start":{"line":83,"column":8},"end":{"line":83,"column":15}},"23":{"start":{"line":85,"column":4},"end":{"line":194,"column":5}},"24":{"start":{"line":91,"column":8},"end":{"line":99,"column":10}},"25":{"start":{"line":98,"column":12},"end":{"line":98,"column":35}},"26":{"start":{"line":102,"column":8},"end":{"line":104,"column":63}},"27":{"start":{"line":105,"column":8},"end":{"line":105,"column":14}},"28":{"start":{"line":112,"column":8},"end":{"line":121,"column":10},"skip":true},"29":{"start":{"line":119,"column":12},"end":{"line":119,"column":55},"skip":true},"30":{"start":{"line":120,"column":12},"end":{"line":120,"column":48},"skip":true},"31":{"start":{"line":123,"column":8},"end":{"line":136,"column":10},"skip":true},"32":{"start":{"line":130,"column":12},"end":{"line":130,"column":76},"skip":true},"33":{"start":{"line":131,"column":12},"end":{"line":131,"column":73},"skip":true},"34":{"start":{"line":132,"column":12},"end":{"line":132,"column":74},"skip":true},"35":{"start":{"line":133,"column":12},"end":{"line":133,"column":79},"skip":true},"36":{"start":{"line":134,"column":12},"end":{"line":134,"column":25},"skip":true},"37":{"start":{"line":135,"column":12},"end":{"line":135,"column":45},"skip":true},"38":{"start":{"line":138,"column":8},"end":{"line":145,"column":14},"skip":true},"39":{"start":{"line":143,"column":16},"end":{"line":143,"column":29},"skip":true},"40":{"start":{"line":144,"column":16},"end":{"line":144,"column":55},"skip":true},"41":{"start":{"line":147,"column":8},"end":{"line":156,"column":10},"skip":true},"42":{"start":{"line":154,"column":12},"end":{"line":154,"column":25},"skip":true},"43":{"start":{"line":155,"column":12},"end":{"line":155,"column":45},"skip":true},"44":{"start":{"line":158,"column":8},"end":{"line":167,"column":10},"skip":true},"45":{"start":{"line":165,"column":12},"end":{"line":165,"column":25},"skip":true},"46":{"start":{"line":166,"column":12},"end":{"line":166,"column":48},"skip":true},"47":{"start":{"line":169,"column":8},"end":{"line":178,"column":10},"skip":true},"48":{"start":{"line":176,"column":12},"end":{"line":176,"column":25},"skip":true},"49":{"start":{"line":177,"column":12},"end":{"line":177,"column":46},"skip":true},"50":{"start":{"line":180,"column":8},"end":{"line":189,"column":10},"skip":true},"51":{"start":{"line":187,"column":12},"end":{"line":187,"column":94},"skip":true},"52":{"start":{"line":188,"column":12},"end":{"line":188,"column":48},"skip":true},"53":{"start":{"line":192,"column":8},"end":{"line":192,"column":35},"skip":true},"54":{"start":{"line":193,"column":8},"end":{"line":193,"column":14},"skip":true}},"branchMap":{"1":{"line":25,"type":"binary-expr","locations":[{"start":{"line":25,"column":23},"end":{"line":25,"column":62}},{"start":{"line":26,"column":20},"end":{"line":26,"column":70}},{"start":{"line":27,"column":20},"end":{"line":27,"column":71}},{"start":{"line":28,"column":20},"end":{"line":28,"column":29}}]},"2":{"line":30,"type":"binary-expr","locations":[{"start":{"line":30,"column":23},"end":{"line":30,"column":37}},{"start":{"line":31,"column":20},"end":{"line":31,"column":61}},{"start":{"line":32,"column":20},"end":{"line":32,"column":70}},{"start":{"line":33,"column":20},"end":{"line":33,"column":26}}]},"3":{"line":37,"type":"cond-expr","locations":[{"start":{"line":38,"column":14},"end":{"line":38,"column":20}},{"start":{"line":39,"column":14},"end":{"line":39,"column":20}}]},"4":{"line":40,"type":"switch","locations":[{"start":{"line":42,"column":8},"end":{"line":47,"column":18}},{"start":{"line":49,"column":8},"end":{"line":52,"column":18}}]},"5":{"line":44,"type":"binary-expr","locations":[{"start":{"line":44,"column":16},"end":{"line":44,"column":44}},{"start":{"line":44,"column":48},"end":{"line":44,"column":66}}]},"6":{"line":50,"type":"binary-expr","locations":[{"start":{"line":50,"column":21},"end":{"line":50,"column":49}},{"start":{"line":50,"column":53},"end":{"line":50,"column":72}}]},"7":{"line":64,"type":"switch","locations":[{"start":{"line":69,"column":4},"end":{"line":70,"column":14}},{"start":{"line":75,"column":4},"end":{"line":76,"column":14}}]},"8":{"line":85,"type":"switch","locations":[{"start":{"line":90,"column":4},"end":{"line":105,"column":14}},{"start":{"line":111,"column":4},"end":{"line":193,"column":14},"skip":true}]},"9":{"line":91,"type":"binary-expr","locations":[{"start":{"line":91,"column":42},"end":{"line":91,"column":73}},{"start":{"line":91,"column":77},"end":{"line":99,"column":9}}]},"10":{"line":102,"type":"binary-expr","locations":[{"start":{"line":102,"column":18},"end":{"line":102,"column":32}},{"start":{"line":103,"column":12},"end":{"line":103,"column":53}},{"start":{"line":104,"column":12},"end":{"line":104,"column":61}}]},"11":{"line":112,"type":"binary-expr","locations":[{"start":{"line":112,"column":45},"end":{"line":112,"column":79},"skip":true},{"start":{"line":112,"column":83},"end":{"line":121,"column":9},"skip":true}]},"12":{"line":123,"type":"binary-expr","locations":[{"start":{"line":123,"column":42},"end":{"line":123,"column":73},"skip":true},{"start":{"line":123,"column":77},"end":{"line":136,"column":9},"skip":true}]},"13":{"line":138,"type":"binary-expr","locations":[{"start":{"line":138,"column":48},"end":{"line":138,"column":85},"skip":true},{"start":{"line":139,"column":12},"end":{"line":145,"column":13},"skip":true}]},"14":{"line":147,"type":"binary-expr","locations":[{"start":{"line":147,"column":42},"end":{"line":147,"column":73},"skip":true},{"start":{"line":147,"column":77},"end":{"line":156,"column":9},"skip":true}]},"15":{"line":158,"type":"binary-expr","locations":[{"start":{"line":158,"column":45},"end":{"line":158,"column":79},"skip":true},{"start":{"line":158,"column":83},"end":{"line":167,"column":9},"skip":true}]},"16":{"line":169,"type":"binary-expr","locations":[{"start":{"line":169,"column":43},"end":{"line":169,"column":75},"skip":true},{"start":{"line":169,"column":79},"end":{"line":178,"column":9},"skip":true}]},"17":{"line":180,"type":"binary-expr","locations":[{"start":{"line":180,"column":41},"end":{"line":180,"column":71},"skip":true},{"start":{"line":180,"column":75},"end":{"line":189,"column":9},"skip":true}]}},"code":["/* istanbul instrument in package npmtest_templatizer */","/*jslint","    bitwise: true,","    browser: true,","    maxerr: 8,","    maxlen: 96,","    node: true,","    nomen: true,","    regexp: true,","    stupid: true","*/","(function () {","    'use strict';","    var local;","","","","    // run shared js-env code - init-before","    (function () {","        // init local","        local = {};","        // init modeJs","        local.modeJs = (function () {","            try {","                return typeof navigator.userAgent === 'string' &&","                    typeof document.querySelector('body') === 'object' &&","                    typeof XMLHttpRequest.prototype.open === 'function' &&","                    'browser';","            } catch (errorCaughtBrowser) {","                return module.exports &&","                    typeof process.versions.node === 'string' &&","                    typeof require('http').createServer === 'function' &&","                    'node';","            }","        }());","        // init global","        local.global = local.modeJs === 'browser'","            ? window","            : global;","        switch (local.modeJs) {","        // re-init local from window.local","        case 'browser':","            local = local.global.utility2.objectSetDefault(","                local.global.utility2_rollup || local.global.local,","                local.global.utility2","            );","            break;","        // re-init local from example.js","        case 'node':","            local = (local.global.utility2_rollup || require('utility2'))","                .requireReadme();","            break;","        }","        // export local","        local.global.local = local;","    }());","","","","    // run shared js-env code - function","    (function () {","        return;","    }());","    switch (local.modeJs) {","","","","    // run browser js-env code - function","    case 'browser':","        break;","","","","    // run node js-env code - function","    case 'node':","        break;","    }","","","","    // run shared js-env code - init-after","    (function () {","        return;","    }());","    switch (local.modeJs) {","","","","    // run browser js-env code - init-after","    case 'browser':","        local.testCase_browser_nullCase = local.testCase_browser_nullCase || function (","            options,","            onError","        ) {","        /*","         * this function will test browsers's null-case handling-behavior-behavior","         */","            onError(null, options);","        };","","        // run tests","        local.nop(local.modeTest &&","            document.querySelector('#testRunButton1') &&","            document.querySelector('#testRunButton1').click());","        break;","","","","    // run node js-env code - init-after","    /* istanbul ignore next */","    case 'node':","        local.testCase_buildApidoc_default = local.testCase_buildApidoc_default || function (","            options,","            onError","        ) {","        /*","         * this function will test buildApidoc's default handling-behavior-behavior","         */","            options = { modulePathList: module.paths };","            local.buildApidoc(options, onError);","        };","","        local.testCase_buildApp_default = local.testCase_buildApp_default || function (","            options,","            onError","        ) {","        /*","         * this function will test buildApp's default handling-behavior-behavior","         */","            local.testCase_buildReadme_default(options, local.onErrorThrow);","            local.testCase_buildLib_default(options, local.onErrorThrow);","            local.testCase_buildTest_default(options, local.onErrorThrow);","            local.testCase_buildCustomOrg_default(options, local.onErrorThrow);","            options = [];","            local.buildApp(options, onError);","        };","","        local.testCase_buildCustomOrg_default = local.testCase_buildCustomOrg_default ||","            function (options, onError) {","            /*","             * this function will test buildCustomOrg's default handling-behavior","             */","                options = {};","                local.buildCustomOrg(options, onError);","            };","","        local.testCase_buildLib_default = local.testCase_buildLib_default || function (","            options,","            onError","        ) {","        /*","         * this function will test buildLib's default handling-behavior","         */","            options = {};","            local.buildLib(options, onError);","        };","","        local.testCase_buildReadme_default = local.testCase_buildReadme_default || function (","            options,","            onError","        ) {","        /*","         * this function will test buildReadme's default handling-behavior-behavior","         */","            options = {};","            local.buildReadme(options, onError);","        };","","        local.testCase_buildTest_default = local.testCase_buildTest_default || function (","            options,","            onError","        ) {","        /*","         * this function will test buildTest's default handling-behavior","         */","            options = {};","            local.buildTest(options, onError);","        };","","        local.testCase_webpage_default = local.testCase_webpage_default || function (","            options,","            onError","        ) {","        /*","         * this function will test webpage's default handling-behavior","         */","            options = { modeCoverageMerge: true, url: local.serverLocalHost + '?modeTest=1' };","            local.browserTest(options, onError);","        };","","        // run test-server","        local.testRunServer(local);","        break;","    }","}());",""],"l":{"12":2,"14":2,"19":2,"21":2,"23":2,"24":2,"25":2,"30":1,"37":2,"40":2,"43":1,"47":1,"50":1,"52":1,"55":2,"61":2,"62":2,"64":2,"70":1,"76":1,"82":2,"83":2,"85":2,"91":1,"98":1,"102":1,"105":1,"112":1,"119":1,"120":1,"123":1,"130":1,"131":1,"132":1,"133":1,"134":1,"135":1,"138":1,"143":2,"144":2,"147":1,"154":2,"155":2,"158":1,"165":2,"166":2,"169":1,"176":2,"177":2,"180":1,"187":1,"188":1,"192":1,"193":1}},"/home/travis/build/npmtest/node-npmtest-templatizer/lib.npmtest_templatizer.js":{"path":"/home/travis/build/npmtest/node-npmtest-templatizer/lib.npmtest_templatizer.js","s":{"1":2,"2":2,"3":2,"4":2,"5":2,"6":2,"7":2,"8":1,"9":2,"10":2,"11":2,"12":2,"13":1,"14":1,"15":1,"16":1},"b":{"1":[2,1,1,1],"2":[1,1,1,1],"3":[1,1],"4":[2,2],"5":[1,1]},"f":{"1":2,"2":2,"3":2},"fnMap":{"1":{"name":"(anonymous_1)","line":12,"loc":{"start":{"line":12,"column":1},"end":{"line":12,"column":13}}},"2":{"name":"(anonymous_2)","line":19,"loc":{"start":{"line":19,"column":5},"end":{"line":19,"column":17}}},"3":{"name":"(anonymous_3)","line":23,"loc":{"start":{"line":23,"column":24},"end":{"line":23,"column":36}}}},"statementMap":{"1":{"start":{"line":12,"column":0},"end":{"line":53,"column":5}},"2":{"start":{"line":14,"column":4},"end":{"line":14,"column":14}},"3":{"start":{"line":19,"column":4},"end":{"line":52,"column":9}},"4":{"start":{"line":21,"column":8},"end":{"line":21,"column":19}},"5":{"start":{"line":23,"column":8},"end":{"line":35,"column":13}},"6":{"start":{"line":24,"column":12},"end":{"line":34,"column":13}},"7":{"start":{"line":25,"column":16},"end":{"line":28,"column":30}},"8":{"start":{"line":30,"column":16},"end":{"line":33,"column":27}},"9":{"start":{"line":37,"column":8},"end":{"line":39,"column":21}},"10":{"start":{"line":41,"column":8},"end":{"line":41,"column":54}},"11":{"start":{"line":43,"column":8},"end":{"line":43,"column":56}},"12":{"start":{"line":45,"column":8},"end":{"line":51,"column":9}},"13":{"start":{"line":46,"column":12},"end":{"line":46,"column":62}},"14":{"start":{"line":48,"column":12},"end":{"line":48,"column":35}},"15":{"start":{"line":49,"column":12},"end":{"line":49,"column":49}},"16":{"start":{"line":50,"column":12},"end":{"line":50,"column":43}}},"branchMap":{"1":{"line":25,"type":"binary-expr","locations":[{"start":{"line":25,"column":23},"end":{"line":25,"column":62}},{"start":{"line":26,"column":20},"end":{"line":26,"column":70}},{"start":{"line":27,"column":20},"end":{"line":27,"column":71}},{"start":{"line":28,"column":20},"end":{"line":28,"column":29}}]},"2":{"line":30,"type":"binary-expr","locations":[{"start":{"line":30,"column":23},"end":{"line":30,"column":37}},{"start":{"line":31,"column":20},"end":{"line":31,"column":61}},{"start":{"line":32,"column":20},"end":{"line":32,"column":70}},{"start":{"line":33,"column":20},"end":{"line":33,"column":26}}]},"3":{"line":37,"type":"cond-expr","locations":[{"start":{"line":38,"column":14},"end":{"line":38,"column":20}},{"start":{"line":39,"column":14},"end":{"line":39,"column":20}}]},"4":{"line":41,"type":"binary-expr","locations":[{"start":{"line":41,"column":16},"end":{"line":41,"column":44}},{"start":{"line":41,"column":48},"end":{"line":41,"column":53}}]},"5":{"line":45,"type":"if","locations":[{"start":{"line":45,"column":8},"end":{"line":45,"column":8}},{"start":{"line":45,"column":8},"end":{"line":45,"column":8}}]}},"code":["/* istanbul instrument in package npmtest_templatizer */","/*jslint","    bitwise: true,","    browser: true,","    maxerr: 8,","    maxlen: 96,","    node: true,","    nomen: true,","    regexp: true,","    stupid: true","*/","(function () {","    'use strict';","    var local;","","","","    // run shared js-env code - init-before","    (function () {","        // init local","        local = {};","        // init modeJs","        local.modeJs = (function () {","            try {","                return typeof navigator.userAgent === 'string' &&","                    typeof document.querySelector('body') === 'object' &&","                    typeof XMLHttpRequest.prototype.open === 'function' &&","                    'browser';","            } catch (errorCaughtBrowser) {","                return module.exports &&","                    typeof process.versions.node === 'string' &&","                    typeof require('http').createServer === 'function' &&","                    'node';","            }","        }());","        // init global","        local.global = local.modeJs === 'browser'","            ? window","            : global;","        // init utility2_rollup","        local = local.global.utility2_rollup || local;","        // init lib","        local.local = local.npmtest_templatizer = local;","        // init exports","        if (local.modeJs === 'browser') {","            local.global.utility2_npmtest_templatizer = local;","        } else {","            module.exports = local;","            module.exports.__dirname = __dirname;","            module.exports.module = module;","        }","    }());","}());",""],"l":{"12":2,"14":2,"19":2,"21":2,"23":2,"24":2,"25":2,"30":1,"37":2,"41":2,"43":2,"45":2,"46":1,"48":1,"49":1,"50":1}},"/home/travis/build/npmtest/node-npmtest-templatizer/example.js":{"path":"/home/travis/build/npmtest/node-npmtest-templatizer/example.js","s":{"1":2,"2":2,"3":2,"4":2,"5":2,"6":2,"7":2,"8":1,"9":2,"10":2,"11":2,"12":2,"13":1,"14":2,"15":2,"16":2,"17":2,"18":2,"19":0,"20":2,"21":1,"22":1,"23":1,"24":1,"25":1,"26":0,"27":0,"28":1,"29":1,"30":2,"31":0,"32":0,"33":0,"34":1,"35":2,"36":2,"37":3,"38":3,"39":3,"40":3,"41":0,"42":3,"43":3,"44":3,"45":1,"46":3,"47":1,"48":1,"49":1,"50":1,"51":1,"52":1,"53":1,"54":1,"55":1,"56":1,"57":0,"58":1,"59":6,"60":6,"61":1,"62":2,"63":0,"64":2,"65":1,"66":1,"67":0,"68":0,"69":0,"70":0,"71":0,"72":0,"73":0,"74":0,"75":0,"76":0,"77":0,"78":0,"79":0,"80":0,"81":0,"82":0,"83":0},"b":{"1":[2,1,1,1],"2":[1,1,1,1],"3":[1,1],"4":[2,2],"5":[1,1],"6":[1,1],"7":[2,0],"8":[2,1,1,1,1,1],"9":[0,2,0],"10":[1,1],"11":[2,1,1],"12":[1,0],"13":[0,2],"14":[2,0,0,0,0,0,0],"15":[0,3],"16":[3,0],"17":[1,1],"18":[0,1],"19":[1,2,0,2],"20":[1,0],"21":[1,1],"22":[0,0],"23":[0,0],"24":[0,0],"25":[0,0],"26":[0,0],"27":[0,0],"28":[0,0]},"f":{"1":2,"2":2,"3":2,"4":2,"5":2,"6":2,"7":3,"8":3,"9":3,"10":1,"11":6,"12":0},"fnMap":{"1":{"name":"(anonymous_1)","line":26,"loc":{"start":{"line":26,"column":1},"end":{"line":26,"column":13}}},"2":{"name":"(anonymous_2)","line":33,"loc":{"start":{"line":33,"column":5},"end":{"line":33,"column":17}}},"3":{"name":"(anonymous_3)","line":37,"loc":{"start":{"line":37,"column":24},"end":{"line":37,"column":36}}},"4":{"name":"(anonymous_4)","line":69,"loc":{"start":{"line":69,"column":31},"end":{"line":69,"column":48}},"skip":true},"5":{"name":"(anonymous_5)","line":78,"loc":{"start":{"line":78,"column":26},"end":{"line":78,"column":45}},"skip":true},"6":{"name":"(anonymous_6)","line":123,"loc":{"start":{"line":123,"column":33},"end":{"line":123,"column":48}},"skip":true},"7":{"name":"(anonymous_7)","line":125,"loc":{"start":{"line":125,"column":27},"end":{"line":125,"column":39}},"skip":true},"8":{"name":"(anonymous_8)","line":133,"loc":{"start":{"line":133,"column":59},"end":{"line":133,"column":74}},"skip":true},"9":{"name":"(anonymous_9)","line":143,"loc":{"start":{"line":143,"column":45},"end":{"line":143,"column":62}},"skip":true},"10":{"name":"(anonymous_10)","line":144,"loc":{"start":{"line":144,"column":73},"end":{"line":144,"column":92}},"skip":true},"11":{"name":"(anonymous_11)","line":272,"loc":{"start":{"line":272,"column":51},"end":{"line":272,"column":77}},"skip":true},"12":{"name":"(anonymous_12)","line":315,"loc":{"start":{"line":315,"column":32},"end":{"line":315,"column":61}},"skip":true}},"statementMap":{"1":{"start":{"line":26,"column":0},"end":{"line":326,"column":5}},"2":{"start":{"line":28,"column":4},"end":{"line":28,"column":14}},"3":{"start":{"line":33,"column":4},"end":{"line":60,"column":9}},"4":{"start":{"line":35,"column":8},"end":{"line":35,"column":19}},"5":{"start":{"line":37,"column":8},"end":{"line":49,"column":13}},"6":{"start":{"line":38,"column":12},"end":{"line":48,"column":13}},"7":{"start":{"line":39,"column":16},"end":{"line":42,"column":30}},"8":{"start":{"line":44,"column":16},"end":{"line":47,"column":27}},"9":{"start":{"line":51,"column":8},"end":{"line":53,"column":21}},"10":{"start":{"line":55,"column":8},"end":{"line":57,"column":45}},"11":{"start":{"line":59,"column":8},"end":{"line":59,"column":35}},"12":{"start":{"line":61,"column":4},"end":{"line":325,"column":5}},"13":{"start":{"line":69,"column":8},"end":{"line":121,"column":10},"skip":true},"14":{"start":{"line":70,"column":12},"end":{"line":88,"column":13},"skip":true},"15":{"start":{"line":76,"column":16},"end":{"line":87,"column":19},"skip":true},"16":{"start":{"line":79,"column":20},"end":{"line":86,"column":21},"skip":true},"17":{"start":{"line":82,"column":24},"end":{"line":82,"column":43},"skip":true},"18":{"start":{"line":83,"column":24},"end":{"line":83,"column":30},"skip":true},"19":{"start":{"line":85,"column":24},"end":{"line":85,"column":49},"skip":true},"20":{"start":{"line":89,"column":12},"end":{"line":107,"column":13},"skip":true},"21":{"start":{"line":92,"column":16},"end":{"line":102,"column":17},"skip":true},"22":{"start":{"line":93,"column":20},"end":{"line":93,"column":86},"skip":true},"23":{"start":{"line":94,"column":20},"end":{"line":95,"column":45},"skip":true},"24":{"start":{"line":96,"column":20},"end":{"line":96,"column":42},"skip":true},"25":{"start":{"line":97,"column":20},"end":{"line":97,"column":48},"skip":true},"26":{"start":{"line":100,"column":20},"end":{"line":100,"column":85},"skip":true},"27":{"start":{"line":101,"column":20},"end":{"line":101,"column":96},"skip":true},"28":{"start":{"line":103,"column":16},"end":{"line":103,"column":22},"skip":true},"29":{"start":{"line":106,"column":16},"end":{"line":106,"column":22},"skip":true},"30":{"start":{"line":108,"column":12},"end":{"line":120,"column":13},"skip":true},"31":{"start":{"line":114,"column":16},"end":{"line":119,"column":17},"skip":true},"32":{"start":{"line":116,"column":20},"end":{"line":116,"column":78},"skip":true},"33":{"start":{"line":118,"column":20},"end":{"line":118,"column":47},"skip":true},"34":{"start":{"line":123,"column":8},"end":{"line":141,"column":11},"skip":true},"35":{"start":{"line":124,"column":12},"end":{"line":124,"column":54},"skip":true},"36":{"start":{"line":125,"column":12},"end":{"line":140,"column":14},"skip":true},"37":{"start":{"line":126,"column":16},"end":{"line":126,"column":28},"skip":true},"38":{"start":{"line":127,"column":16},"end":{"line":127,"column":69},"skip":true},"39":{"start":{"line":128,"column":16},"end":{"line":128,"column":75},"skip":true},"40":{"start":{"line":129,"column":16},"end":{"line":131,"column":17},"skip":true},"41":{"start":{"line":130,"column":20},"end":{"line":130,"column":27},"skip":true},"42":{"start":{"line":133,"column":16},"end":{"line":137,"column":36},"skip":true},"43":{"start":{"line":134,"column":20},"end":{"line":136,"column":55},"skip":true},"44":{"start":{"line":139,"column":16},"end":{"line":139,"column":57},"skip":true},"45":{"start":{"line":143,"column":8},"end":{"line":147,"column":11},"skip":true},"46":{"start":{"line":144,"column":12},"end":{"line":146,"column":15},"skip":true},"47":{"start":{"line":145,"column":16},"end":{"line":145,"column":70},"skip":true},"48":{"start":{"line":149,"column":8},"end":{"line":149,"column":31},"skip":true},"49":{"start":{"line":150,"column":8},"end":{"line":150,"column":14},"skip":true},"50":{"start":{"line":158,"column":8},"end":{"line":158,"column":31},"skip":true},"51":{"start":{"line":160,"column":8},"end":{"line":160,"column":33},"skip":true},"52":{"start":{"line":161,"column":8},"end":{"line":161,"column":37},"skip":true},"53":{"start":{"line":162,"column":8},"end":{"line":162,"column":35},"skip":true},"54":{"start":{"line":164,"column":8},"end":{"line":164,"column":50},"skip":true},"55":{"start":{"line":166,"column":8},"end":{"line":256,"column":2},"skip":true},"56":{"start":{"line":258,"column":8},"end":{"line":286,"column":9},"skip":true},"57":{"start":{"line":259,"column":12},"end":{"line":269,"column":14},"skip":true},"58":{"start":{"line":271,"column":12},"end":{"line":285,"column":19},"skip":true},"59":{"start":{"line":274,"column":20},"end":{"line":274,"column":35},"skip":true},"60":{"start":{"line":275,"column":20},"end":{"line":284,"column":21},"skip":true},"61":{"start":{"line":277,"column":24},"end":{"line":277,"column":64},"skip":true},"62":{"start":{"line":279,"column":24},"end":{"line":279,"column":40},"skip":true},"63":{"start":{"line":281,"column":24},"end":{"line":281,"column":40},"skip":true},"64":{"start":{"line":283,"column":24},"end":{"line":283,"column":39},"skip":true},"65":{"start":{"line":288,"column":8},"end":{"line":290,"column":9},"skip":true},"66":{"start":{"line":289,"column":12},"end":{"line":289,"column":18},"skip":true},"67":{"start":{"line":291,"column":8},"end":{"line":293,"column":54},"skip":true},"68":{"start":{"line":296,"column":8},"end":{"line":301,"column":37},"skip":true},"69":{"start":{"line":303,"column":8},"end":{"line":303,"column":82},"skip":true},"70":{"start":{"line":306,"column":8},"end":{"line":308,"column":9},"skip":true},"71":{"start":{"line":307,"column":12},"end":{"line":307,"column":82},"skip":true},"72":{"start":{"line":310,"column":8},"end":{"line":312,"column":9},"skip":true},"73":{"start":{"line":311,"column":12},"end":{"line":311,"column":18},"skip":true},"74":{"start":{"line":313,"column":8},"end":{"line":313,"column":54},"skip":true},"75":{"start":{"line":314,"column":8},"end":{"line":314,"column":69},"skip":true},"76":{"start":{"line":315,"column":8},"end":{"line":323,"column":36},"skip":true},"77":{"start":{"line":316,"column":12},"end":{"line":316,"column":61},"skip":true},"78":{"start":{"line":317,"column":12},"end":{"line":320,"column":13},"skip":true},"79":{"start":{"line":318,"column":16},"end":{"line":318,"column":75},"skip":true},"80":{"start":{"line":319,"column":16},"end":{"line":319,"column":23},"skip":true},"81":{"start":{"line":321,"column":12},"end":{"line":321,"column":38},"skip":true},"82":{"start":{"line":322,"column":12},"end":{"line":322,"column":27},"skip":true},"83":{"start":{"line":324,"column":8},"end":{"line":324,"column":14},"skip":true}},"branchMap":{"1":{"line":39,"type":"binary-expr","locations":[{"start":{"line":39,"column":23},"end":{"line":39,"column":62}},{"start":{"line":40,"column":20},"end":{"line":40,"column":70}},{"start":{"line":41,"column":20},"end":{"line":41,"column":71}},{"start":{"line":42,"column":20},"end":{"line":42,"column":29}}]},"2":{"line":44,"type":"binary-expr","locations":[{"start":{"line":44,"column":23},"end":{"line":44,"column":37}},{"start":{"line":45,"column":20},"end":{"line":45,"column":61}},{"start":{"line":46,"column":20},"end":{"line":46,"column":70}},{"start":{"line":47,"column":20},"end":{"line":47,"column":26}}]},"3":{"line":51,"type":"cond-expr","locations":[{"start":{"line":52,"column":14},"end":{"line":52,"column":20}},{"start":{"line":53,"column":14},"end":{"line":53,"column":20}}]},"4":{"line":55,"type":"binary-expr","locations":[{"start":{"line":55,"column":16},"end":{"line":55,"column":44}},{"start":{"line":55,"column":49},"end":{"line":57,"column":43}}]},"5":{"line":55,"type":"cond-expr","locations":[{"start":{"line":56,"column":14},"end":{"line":56,"column":55}},{"start":{"line":57,"column":14},"end":{"line":57,"column":43}}]},"6":{"line":61,"type":"switch","locations":[{"start":{"line":68,"column":4},"end":{"line":150,"column":14},"skip":true},{"start":{"line":156,"column":4},"end":{"line":324,"column":14},"skip":true}]},"7":{"line":70,"type":"if","locations":[{"start":{"line":70,"column":12},"end":{"line":70,"column":12},"skip":true},{"start":{"line":70,"column":12},"end":{"line":70,"column":12},"skip":true}]},"8":{"line":70,"type":"binary-expr","locations":[{"start":{"line":70,"column":16},"end":{"line":70,"column":22},"skip":true},{"start":{"line":70,"column":27},"end":{"line":70,"column":32},"skip":true},{"start":{"line":71,"column":20},"end":{"line":71,"column":39},"skip":true},{"start":{"line":72,"column":20},"end":{"line":72,"column":49},"skip":true},{"start":{"line":73,"column":20},"end":{"line":73,"column":58},"skip":true},{"start":{"line":74,"column":20},"end":{"line":74,"column":69},"skip":true}]},"9":{"line":79,"type":"switch","locations":[{"start":{"line":80,"column":20},"end":{"line":80,"column":33},"skip":true},{"start":{"line":81,"column":20},"end":{"line":83,"column":30},"skip":true},{"start":{"line":84,"column":20},"end":{"line":85,"column":49},"skip":true}]},"10":{"line":89,"type":"switch","locations":[{"start":{"line":90,"column":12},"end":{"line":103,"column":22},"skip":true},{"start":{"line":105,"column":12},"end":{"line":106,"column":22},"skip":true}]},"11":{"line":89,"type":"binary-expr","locations":[{"start":{"line":89,"column":20},"end":{"line":89,"column":25},"skip":true},{"start":{"line":89,"column":29},"end":{"line":89,"column":48},"skip":true},{"start":{"line":89,"column":52},"end":{"line":89,"column":74},"skip":true}]},"12":{"line":92,"type":"if","locations":[{"start":{"line":92,"column":16},"end":{"line":92,"column":16},"skip":true},{"start":{"line":92,"column":16},"end":{"line":92,"column":16},"skip":true}]},"13":{"line":108,"type":"if","locations":[{"start":{"line":108,"column":12},"end":{"line":108,"column":12},"skip":true},{"start":{"line":108,"column":12},"end":{"line":108,"column":12},"skip":true}]},"14":{"line":108,"type":"binary-expr","locations":[{"start":{"line":108,"column":16},"end":{"line":108,"column":61},"skip":true},{"start":{"line":108,"column":66},"end":{"line":108,"column":72},"skip":true},{"start":{"line":108,"column":77},"end":{"line":108,"column":82},"skip":true},{"start":{"line":109,"column":20},"end":{"line":109,"column":39},"skip":true},{"start":{"line":110,"column":20},"end":{"line":110,"column":49},"skip":true},{"start":{"line":111,"column":20},"end":{"line":111,"column":58},"skip":true},{"start":{"line":112,"column":20},"end":{"line":112,"column":68},"skip":true}]},"15":{"line":129,"type":"if","locations":[{"start":{"line":129,"column":16},"end":{"line":129,"column":16},"skip":true},{"start":{"line":129,"column":16},"end":{"line":129,"column":16},"skip":true}]},"16":{"line":134,"type":"cond-expr","locations":[{"start":{"line":135,"column":26},"end":{"line":135,"column":29},"skip":true},{"start":{"line":136,"column":26},"end":{"line":136,"column":54},"skip":true}]},"17":{"line":164,"type":"binary-expr","locations":[{"start":{"line":164,"column":27},"end":{"line":164,"column":43},"skip":true},{"start":{"line":164,"column":47},"end":{"line":164,"column":49},"skip":true}]},"18":{"line":258,"type":"if","locations":[{"start":{"line":258,"column":8},"end":{"line":258,"column":8},"skip":true},{"start":{"line":258,"column":8},"end":{"line":258,"column":8},"skip":true}]},"19":{"line":275,"type":"switch","locations":[{"start":{"line":276,"column":20},"end":{"line":277,"column":64},"skip":true},{"start":{"line":278,"column":20},"end":{"line":279,"column":40},"skip":true},{"start":{"line":280,"column":20},"end":{"line":281,"column":40},"skip":true},{"start":{"line":282,"column":20},"end":{"line":283,"column":39},"skip":true}]},"20":{"line":288,"type":"if","locations":[{"start":{"line":288,"column":8},"end":{"line":288,"column":8},"skip":true},{"start":{"line":288,"column":8},"end":{"line":288,"column":8},"skip":true}]},"21":{"line":288,"type":"binary-expr","locations":[{"start":{"line":288,"column":12},"end":{"line":288,"column":40},"skip":true},{"start":{"line":288,"column":44},"end":{"line":288,"column":67},"skip":true}]},"22":{"line":292,"type":"binary-expr","locations":[{"start":{"line":292,"column":12},"end":{"line":292,"column":50},"skip":true},{"start":{"line":293,"column":12},"end":{"line":293,"column":53},"skip":true}]},"23":{"line":297,"type":"binary-expr","locations":[{"start":{"line":297,"column":12},"end":{"line":297,"column":69},"skip":true},{"start":{"line":298,"column":12},"end":{"line":301,"column":36},"skip":true}]},"24":{"line":303,"type":"binary-expr","locations":[{"start":{"line":303,"column":43},"end":{"line":303,"column":75},"skip":true},{"start":{"line":303,"column":79},"end":{"line":303,"column":81},"skip":true}]},"25":{"line":306,"type":"if","locations":[{"start":{"line":306,"column":8},"end":{"line":306,"column":8},"skip":true},{"start":{"line":306,"column":8},"end":{"line":306,"column":8},"skip":true}]},"26":{"line":310,"type":"if","locations":[{"start":{"line":310,"column":8},"end":{"line":310,"column":8},"skip":true},{"start":{"line":310,"column":8},"end":{"line":310,"column":8},"skip":true}]},"27":{"line":313,"type":"binary-expr","locations":[{"start":{"line":313,"column":27},"end":{"line":313,"column":43},"skip":true},{"start":{"line":313,"column":47},"end":{"line":313,"column":53},"skip":true}]},"28":{"line":317,"type":"if","locations":[{"start":{"line":317,"column":12},"end":{"line":317,"column":12},"skip":true},{"start":{"line":317,"column":12},"end":{"line":317,"column":12},"skip":true}]}},"code":["/*","example.js","","quickstart example","","instruction","    1. save this script as example.js","    2. run the shell command:","        $ npm install npmtest-templatizer && PORT=8081 node example.js","    3. play with the browser-demo on http://127.0.0.1:8081","*/","","","","/* istanbul instrument in package npmtest_templatizer */","/*jslint","    bitwise: true,","    browser: true,","    maxerr: 8,","    maxlen: 96,","    node: true,","    nomen: true,","    regexp: true,","    stupid: true","*/","(function () {","    'use strict';","    var local;","","","","    // run shared js-env code - init-before","    (function () {","        // init local","        local = {};","        // init modeJs","        local.modeJs = (function () {","            try {","                return typeof navigator.userAgent === 'string' &&","                    typeof document.querySelector('body') === 'object' &&","                    typeof XMLHttpRequest.prototype.open === 'function' &&","                    'browser';","            } catch (errorCaughtBrowser) {","                return module.exports &&","                    typeof process.versions.node === 'string' &&","                    typeof require('http').createServer === 'function' &&","                    'node';","            }","        }());","        // init global","        local.global = local.modeJs === 'browser'","            ? window","            : global;","        // init utility2_rollup","        local = local.global.utility2_rollup || (local.modeJs === 'browser'","            ? local.global.utility2_npmtest_templatizer","            : global.utility2_moduleExports);","        // export local","        local.global.local = local;","    }());","    switch (local.modeJs) {","","","","    // init-after","    // run browser js-env code - init-after","    /* istanbul ignore next */","    case 'browser':","        local.testRunBrowser = function (event) {","            if (!event || (event &&","                    event.currentTarget &&","                    event.currentTarget.className &&","                    event.currentTarget.className.includes &&","                    event.currentTarget.className.includes('onreset'))) {","                // reset output","                Array.from(","                    document.querySelectorAll('body > .resettable')","                ).forEach(function (element) {","                    switch (element.tagName) {","                    case 'INPUT':","                    case 'TEXTAREA':","                        element.value = '';","                        break;","                    default:","                        element.textContent = '';","                    }","                });","            }","            switch (event && event.currentTarget && event.currentTarget.id) {","            case 'testRunButton1':","                // show tests","                if (document.querySelector('#testReportDiv1').style.display === 'none') {","                    document.querySelector('#testReportDiv1').style.display = 'block';","                    document.querySelector('#testRunButton1').textContent =","                        'hide internal test';","                    local.modeTest = true;","                    local.testRunDefault(local);","                // hide tests","                } else {","                    document.querySelector('#testReportDiv1').style.display = 'none';","                    document.querySelector('#testRunButton1').textContent = 'run internal test';","                }","                break;","            // custom-case","            default:","                break;","            }","            if (document.querySelector('#inputTextareaEval1') && (!event || (event &&","                    event.currentTarget &&","                    event.currentTarget.className &&","                    event.currentTarget.className.includes &&","                    event.currentTarget.className.includes('oneval')))) {","                // try to eval input-code","                try {","                    /*jslint evil: true*/","                    eval(document.querySelector('#inputTextareaEval1').value);","                } catch (errorCaught) {","                    console.error(errorCaught);","                }","            }","        };","        // log stderr and stdout to #outputTextareaStdout1","        ['error', 'log'].forEach(function (key) {","            console[key + '_original'] = console[key];","            console[key] = function () {","                var element;","                console[key + '_original'].apply(console, arguments);","                element = document.querySelector('#outputTextareaStdout1');","                if (!element) {","                    return;","                }","                // append text to #outputTextareaStdout1","                element.value += Array.from(arguments).map(function (arg) {","                    return typeof arg === 'string'","                        ? arg","                        : JSON.stringify(arg, null, 4);","                }).join(' ') + '\\n';","                // scroll textarea to bottom","                element.scrollTop = element.scrollHeight;","            };","        });","        // init event-handling","        ['change', 'click', 'keyup'].forEach(function (event) {","            Array.from(document.querySelectorAll('.on' + event)).forEach(function (element) {","                element.addEventListener(event, local.testRunBrowser);","            });","        });","        // run tests","        local.testRunBrowser();","        break;","","","","    // run node js-env code - init-after","    /* istanbul ignore next */","    case 'node':","        // export local","        module.exports = local;","        // require modules","        local.fs = require('fs');","        local.http = require('http');","        local.url = require('url');","        // init assets","        local.assetsDict = local.assetsDict || {};","        /* jslint-ignore-begin */","        local.assetsDict['/assets.index.template.html'] = '\\","<!doctype html>\\n\\","<html lang=\"en\">\\n\\","<head>\\n\\","<meta charset=\"UTF-8\">\\n\\","<meta name=\"viewport\" content=\"width=device-width, initial-scale=1\">\\n\\","<title>{{env.npm_package_name}} (v{{env.npm_package_version}})</title>\\n\\","<style>\\n\\","/*csslint\\n\\","    box-sizing: false,\\n\\","    universal-selector: false\\n\\","*/\\n\\","* {\\n\\","    box-sizing: border-box;\\n\\","}\\n\\","body {\\n\\","    background: #dde;\\n\\","    font-family: Arial, Helvetica, sans-serif;\\n\\","    margin: 2rem;\\n\\","}\\n\\","body > * {\\n\\","    margin-bottom: 1rem;\\n\\","}\\n\\",".utility2FooterDiv {\\n\\","    margin-top: 20px;\\n\\","    text-align: center;\\n\\","}\\n\\","</style>\\n\\","<style>\\n\\","/*csslint\\n\\","*/\\n\\","textarea {\\n\\","    font-family: monospace;\\n\\","    height: 10rem;\\n\\","    width: 100%;\\n\\","}\\n\\","textarea[readonly] {\\n\\","    background: #ddd;\\n\\","}\\n\\","</style>\\n\\","</head>\\n\\","<body>\\n\\","<!-- utility2-comment\\n\\","<div id=\"ajaxProgressDiv1\" style=\"background: #d00; height: 2px; left: 0; margin: 0; padding: 0; position: fixed; top: 0; transition: background 0.5s, width 1.5s; width: 25%;\"></div>\\n\\","utility2-comment -->\\n\\","<h1>\\n\\","<!-- utility2-comment\\n\\","    <a\\n\\","        {{#if env.npm_package_homepage}}\\n\\","        href=\"{{env.npm_package_homepage}}\"\\n\\","        {{/if env.npm_package_homepage}}\\n\\","        target=\"_blank\"\\n\\","    >\\n\\","utility2-comment -->\\n\\","        {{env.npm_package_name}} (v{{env.npm_package_version}})\\n\\","<!-- utility2-comment\\n\\","    </a>\\n\\","utility2-comment -->\\n\\","</h1>\\n\\","<h3>{{env.npm_package_description}}</h3>\\n\\","<!-- utility2-comment\\n\\","<h4><a download href=\"assets.app.js\">download standalone app</a></h4>\\n\\","<button class=\"onclick onreset\" id=\"testRunButton1\">run internal test</button><br>\\n\\","<div id=\"testReportDiv1\" style=\"display: none;\"></div>\\n\\","utility2-comment -->\\n\\","\\n\\","\\n\\","\\n\\","<label>stderr and stdout</label>\\n\\","<textarea class=\"resettable\" id=\"outputTextareaStdout1\" readonly></textarea>\\n\\","<!-- utility2-comment\\n\\","{{#if isRollup}}\\n\\","<script src=\"assets.app.js\"></script>\\n\\","{{#unless isRollup}}\\n\\","utility2-comment -->\\n\\","<script src=\"assets.utility2.rollup.js\"></script>\\n\\","<script src=\"jsonp.utility2._stateInit?callback=window.utility2._stateInit\"></script>\\n\\","<script src=\"assets.npmtest_templatizer.rollup.js\"></script>\\n\\","<script src=\"assets.example.js\"></script>\\n\\","<script src=\"assets.test.js\"></script>\\n\\","<!-- utility2-comment\\n\\","{{/if isRollup}}\\n\\","utility2-comment -->\\n\\","<div class=\"utility2FooterDiv\">\\n\\","    [ this app was created with\\n\\","    <a href=\"https://github.com/kaizhu256/node-utility2\" target=\"_blank\">utility2</a>\\n\\","    ]\\n\\","</div>\\n\\","</body>\\n\\","</html>\\n\\","';","        /* jslint-ignore-end */","        if (local.templateRender) {","            local.assetsDict['/'] = local.templateRender(","                local.assetsDict['/assets.index.template.html'],","                {","                    env: local.objectSetDefault(local.env, {","                        npm_package_description: 'the greatest app in the world!',","                        npm_package_name: 'my-app',","                        npm_package_nameAlias: 'my_app',","                        npm_package_version: '0.0.1'","                    })","                }","            );","        } else {","            local.assetsDict['/'] = local.assetsDict['/assets.index.template.html']","                .replace((/\\{\\{env\\.(\\w+?)\\}\\}/g), function (match0, match1) {","                    // jslint-hack","                    String(match0);","                    switch (match1) {","                    case 'npm_package_description':","                        return 'the greatest app in the world!';","                    case 'npm_package_name':","                        return 'my-app';","                    case 'npm_package_nameAlias':","                        return 'my_app';","                    case 'npm_package_version':","                        return '0.0.1';","                    }","                });","        }","        // run the cli","        if (local.global.utility2_rollup || module !== require.main) {","            break;","        }","        local.assetsDict['/assets.example.js'] =","            local.assetsDict['/assets.example.js'] ||","            local.fs.readFileSync(__filename, 'utf8');","        // bug-workaround - long $npm_package_buildCustomOrg","        /* jslint-ignore-begin */","        local.assetsDict['/assets.npmtest_templatizer.rollup.js'] =","            local.assetsDict['/assets.npmtest_templatizer.rollup.js'] ||","            local.fs.readFileSync(","                local.npmtest_templatizer.__dirname + '/lib.npmtest_templatizer.js',","                'utf8'","            ).replace((/^#!/), '//');","        /* jslint-ignore-end */","        local.assetsDict['/favicon.ico'] = local.assetsDict['/favicon.ico'] || '';","        // if $npm_config_timeout_exit exists,","        // then exit this process after $npm_config_timeout_exit ms","        if (Number(process.env.npm_config_timeout_exit)) {","            setTimeout(process.exit, Number(process.env.npm_config_timeout_exit));","        }","        // start server","        if (local.global.utility2_serverHttp1) {","            break;","        }","        process.env.PORT = process.env.PORT || '8081';","        console.error('server starting on port ' + process.env.PORT);","        local.http.createServer(function (request, response) {","            request.urlParsed = local.url.parse(request.url);","            if (local.assetsDict[request.urlParsed.pathname] !== undefined) {","                response.end(local.assetsDict[request.urlParsed.pathname]);","                return;","            }","            response.statusCode = 404;","            response.end();","        }).listen(process.env.PORT);","        break;","    }","}());",""],"l":{"26":2,"28":2,"33":2,"35":2,"37":2,"38":2,"39":2,"44":1,"51":2,"55":2,"59":2,"61":2,"69":1,"70":2,"76":2,"79":2,"82":2,"83":2,"85":1,"89":2,"92":1,"93":1,"94":1,"96":1,"97":1,"100":1,"101":1,"103":1,"106":1,"108":2,"114":1,"116":1,"118":1,"123":1,"124":2,"125":2,"126":3,"127":3,"128":3,"129":3,"130":1,"133":3,"134":3,"139":3,"143":1,"144":3,"145":1,"149":1,"150":1,"158":1,"160":1,"161":1,"162":1,"164":1,"166":1,"258":1,"259":1,"271":1,"274":6,"275":6,"277":1,"279":2,"281":1,"283":2,"288":1,"289":1,"291":1,"296":1,"303":1,"306":1,"307":1,"310":1,"311":1,"313":1,"314":1,"315":1,"316":1,"317":1,"318":1,"319":1,"321":1,"322":1,"324":1}},"/home/travis/build/npmtest/node-npmtest-templatizer/node_modules/templatizer/templatizer.js":{"path":"/home/travis/build/npmtest/node-npmtest-templatizer/node_modules/templatizer/templatizer.js","s":{"1":1,"2":1,"3":1,"4":1,"5":1,"6":1,"7":1,"8":1,"9":1,"10":1,"11":1,"12":1,"13":1,"14":1,"15":1,"16":1,"17":0,"18":0,"19":1,"20":1,"21":1,"22":0,"23":0,"24":0,"25":0,"26":0,"27":0,"28":0,"29":0,"30":0,"31":0,"32":0,"33":0,"34":0,"35":0,"36":0,"37":0,"38":0,"39":0,"40":0,"41":0,"42":0,"43":0,"44":0,"45":0,"46":0,"47":0,"48":0,"49":0,"50":0,"51":0,"52":0,"53":0,"54":0,"55":0,"56":0,"57":0,"58":0,"59":0,"60":0,"61":0,"62":0,"63":0,"64":0,"65":0,"66":0,"67":0,"68":0,"69":0,"70":0,"71":0,"72":0,"73":0,"74":0,"75":0,"76":0,"77":0,"78":0,"79":0,"80":0,"81":0,"82":0,"83":0,"84":0,"85":0,"86":0,"87":0,"88":0,"89":0,"90":0,"91":0,"92":0,"93":0,"94":0,"95":0,"96":0,"97":0,"98":0,"99":0,"100":0,"101":0,"102":0,"103":0,"104":0,"105":0,"106":0,"107":0,"108":0,"109":0,"110":0,"111":0,"112":0,"113":0,"114":0,"115":0,"116":0,"117":0,"118":0,"119":0,"120":0,"121":0,"122":0,"123":0,"124":0,"125":0,"126":0,"127":0,"128":0,"129":0,"130":0,"131":0,"132":0,"133":0,"134":0,"135":0,"136":0,"137":0,"138":0,"139":0,"140":0,"141":0,"142":0,"143":0,"144":0,"145":0,"146":0,"147":0},"b":{"1":[0,0],"2":[0,0],"3":[0,0],"4":[0,0],"5":[0,0],"6":[0,0],"7":[0,0],"8":[0,0],"9":[0,0],"10":[0,0],"11":[0,0],"12":[0,0],"13":[0,0],"14":[0,0],"15":[0,0],"16":[0,0],"17":[0,0],"18":[0,0],"19":[0,0],"20":[0,0],"21":[0,0],"22":[0,0],"23":[0,0],"24":[0,0],"25":[0,0],"26":[0,0],"27":[0,0],"28":[0,0],"29":[0,0],"30":[0,0],"31":[0,0],"32":[0,0],"33":[0,0],"34":[0,0],"35":[0,0],"36":[0,0],"37":[0,0]},"f":{"1":0,"2":0,"3":0,"4":0,"5":0,"6":0,"7":0,"8":0,"9":0,"10":0,"11":0,"12":0,"13":0,"14":0,"15":0,"16":0,"17":0,"18":0,"19":0,"20":0,"21":0,"22":0,"23":0,"24":0,"25":0,"26":0,"27":0},"fnMap":{"1":{"name":"DynamicMixinsCompiler","line":19,"loc":{"start":{"line":19,"column":0},"end":{"line":19,"column":33}}},"2":{"name":"(anonymous_2)","line":28,"loc":{"start":{"line":28,"column":17},"end":{"line":28,"column":57}}},"3":{"name":"(anonymous_3)","line":59,"loc":{"start":{"line":59,"column":20},"end":{"line":59,"column":51}}},"4":{"name":"(anonymous_4)","line":83,"loc":{"start":{"line":83,"column":8},"end":{"line":83,"column":22}}},"5":{"name":"(anonymous_5)","line":90,"loc":{"start":{"line":90,"column":8},"end":{"line":90,"column":31}}},"6":{"name":"(anonymous_6)","line":92,"loc":{"start":{"line":92,"column":21},"end":{"line":92,"column":50}}},"7":{"name":"(anonymous_7)","line":106,"loc":{"start":{"line":106,"column":36},"end":{"line":106,"column":60}}},"8":{"name":"(anonymous_8)","line":107,"loc":{"start":{"line":107,"column":31},"end":{"line":107,"column":49}}},"9":{"name":"(anonymous_9)","line":114,"loc":{"start":{"line":114,"column":15},"end":{"line":114,"column":30}}},"10":{"name":"(anonymous_10)","line":118,"loc":{"start":{"line":118,"column":8},"end":{"line":118,"column":35}}},"11":{"name":"(anonymous_11)","line":123,"loc":{"start":{"line":123,"column":36},"end":{"line":123,"column":60}}},"12":{"name":"(anonymous_12)","line":126,"loc":{"start":{"line":126,"column":34},"end":{"line":126,"column":50}}},"13":{"name":"(anonymous_13)","line":130,"loc":{"start":{"line":130,"column":33},"end":{"line":130,"column":45}}},"14":{"name":"(anonymous_14)","line":132,"loc":{"start":{"line":132,"column":38},"end":{"line":132,"column":60}}},"15":{"name":"(anonymous_15)","line":142,"loc":{"start":{"line":142,"column":40},"end":{"line":142,"column":65}}},"16":{"name":"(anonymous_16)","line":162,"loc":{"start":{"line":162,"column":23},"end":{"line":162,"column":38}}},"17":{"name":"(anonymous_17)","line":171,"loc":{"start":{"line":171,"column":15},"end":{"line":171,"column":30}}},"18":{"name":"(anonymous_18)","line":175,"loc":{"start":{"line":175,"column":8},"end":{"line":175,"column":31}}},"19":{"name":"(anonymous_19)","line":179,"loc":{"start":{"line":179,"column":51},"end":{"line":179,"column":69}}},"20":{"name":"(anonymous_20)","line":182,"loc":{"start":{"line":182,"column":19},"end":{"line":182,"column":37}}},"21":{"name":"(anonymous_21)","line":185,"loc":{"start":{"line":185,"column":40},"end":{"line":185,"column":66}}},"22":{"name":"(anonymous_22)","line":186,"loc":{"start":{"line":186,"column":57},"end":{"line":186,"column":85}}},"23":{"name":"(anonymous_23)","line":191,"loc":{"start":{"line":191,"column":40},"end":{"line":191,"column":52}}},"24":{"name":"(anonymous_24)","line":192,"loc":{"start":{"line":192,"column":70},"end":{"line":192,"column":99}}},"25":{"name":"(anonymous_25)","line":242,"loc":{"start":{"line":242,"column":15},"end":{"line":242,"column":30}}},"26":{"name":"(anonymous_26)","line":247,"loc":{"start":{"line":247,"column":8},"end":{"line":247,"column":39}}},"27":{"name":"(anonymous_27)","line":257,"loc":{"start":{"line":257,"column":57},"end":{"line":257,"column":76}}}},"statementMap":{"1":{"start":{"line":1,"column":0},"end":{"line":1,"column":27}},"2":{"start":{"line":2,"column":0},"end":{"line":2,"column":29}},"3":{"start":{"line":3,"column":0},"end":{"line":3,"column":41}},"4":{"start":{"line":4,"column":0},"end":{"line":4,"column":57}},"5":{"start":{"line":5,"column":0},"end":{"line":5,"column":55}},"6":{"start":{"line":6,"column":0},"end":{"line":6,"column":49}},"7":{"start":{"line":7,"column":0},"end":{"line":7,"column":33}},"8":{"start":{"line":8,"column":0},"end":{"line":8,"column":27}},"9":{"start":{"line":9,"column":0},"end":{"line":9,"column":27}},"10":{"start":{"line":10,"column":0},"end":{"line":10,"column":26}},"11":{"start":{"line":11,"column":0},"end":{"line":11,"column":23}},"12":{"start":{"line":12,"column":0},"end":{"line":12,"column":27}},"13":{"start":{"line":13,"column":0},"end":{"line":13,"column":37}},"14":{"start":{"line":14,"column":0},"end":{"line":14,"column":55}},"15":{"start":{"line":15,"column":0},"end":{"line":15,"column":51}},"16":{"start":{"line":19,"column":0},"end":{"line":22,"column":1}},"17":{"start":{"line":20,"column":4},"end":{"line":20,"column":41}},"18":{"start":{"line":21,"column":4},"end":{"line":21,"column":30}},"19":{"start":{"line":23,"column":0},"end":{"line":23,"column":52}},"20":{"start":{"line":26,"column":0},"end":{"line":26,"column":30}},"21":{"start":{"line":28,"column":0},"end":{"line":265,"column":2}},"22":{"start":{"line":29,"column":4},"end":{"line":29,"column":25}},"23":{"start":{"line":31,"column":4},"end":{"line":56,"column":5}},"24":{"start":{"line":33,"column":8},"end":{"line":42,"column":9}},"25":{"start":{"line":34,"column":12},"end":{"line":34,"column":27}},"26":{"start":{"line":35,"column":12},"end":{"line":35,"column":27}},"27":{"start":{"line":38,"column":13},"end":{"line":42,"column":9}},"28":{"start":{"line":39,"column":12},"end":{"line":39,"column":27}},"29":{"start":{"line":40,"column":12},"end":{"line":40,"column":30}},"30":{"start":{"line":41,"column":12},"end":{"line":41,"column":26}},"31":{"start":{"line":43,"column":11},"end":{"line":56,"column":5}},"32":{"start":{"line":45,"column":8},"end":{"line":55,"column":9}},"33":{"start":{"line":46,"column":12},"end":{"line":46,"column":27}},"34":{"start":{"line":47,"column":12},"end":{"line":47,"column":27}},"35":{"start":{"line":48,"column":12},"end":{"line":48,"column":26}},"36":{"start":{"line":51,"column":13},"end":{"line":55,"column":9}},"37":{"start":{"line":52,"column":12},"end":{"line":52,"column":30}},"38":{"start":{"line":53,"column":12},"end":{"line":53,"column":24}},"39":{"start":{"line":54,"column":12},"end":{"line":54,"column":26}},"40":{"start":{"line":59,"column":4},"end":{"line":65,"column":7}},"41":{"start":{"line":60,"column":8},"end":{"line":64,"column":9}},"42":{"start":{"line":61,"column":12},"end":{"line":61,"column":22}},"43":{"start":{"line":63,"column":12},"end":{"line":63,"column":49}},"44":{"start":{"line":66,"column":4},"end":{"line":66,"column":30}},"45":{"start":{"line":68,"column":4},"end":{"line":72,"column":7}},"46":{"start":{"line":74,"column":4},"end":{"line":74,"column":49}},"47":{"start":{"line":75,"column":4},"end":{"line":75,"column":55}},"48":{"start":{"line":76,"column":4},"end":{"line":76,"column":33}},"49":{"start":{"line":77,"column":4},"end":{"line":81,"column":21}},"50":{"start":{"line":82,"column":4},"end":{"line":264,"column":11}},"51":{"start":{"line":84,"column":12},"end":{"line":88,"column":13}},"52":{"start":{"line":85,"column":16},"end":{"line":85,"column":53}},"53":{"start":{"line":87,"column":16},"end":{"line":87,"column":32}},"54":{"start":{"line":91,"column":12},"end":{"line":100,"column":25}},"55":{"start":{"line":93,"column":20},"end":{"line":96,"column":21}},"56":{"start":{"line":95,"column":24},"end":{"line":95,"column":95}},"57":{"start":{"line":97,"column":20},"end":{"line":97,"column":77}},"58":{"start":{"line":102,"column":12},"end":{"line":104,"column":13}},"59":{"start":{"line":103,"column":16},"end":{"line":103,"column":81}},"60":{"start":{"line":106,"column":12},"end":{"line":116,"column":15}},"61":{"start":{"line":107,"column":16},"end":{"line":113,"column":19}},"62":{"start":{"line":108,"column":20},"end":{"line":112,"column":21}},"63":{"start":{"line":109,"column":24},"end":{"line":109,"column":93}},"64":{"start":{"line":111,"column":24},"end":{"line":111,"column":38}},"65":{"start":{"line":115,"column":16},"end":{"line":115,"column":50}},"66":{"start":{"line":119,"column":12},"end":{"line":119,"column":29}},"67":{"start":{"line":120,"column":12},"end":{"line":120,"column":31}},"68":{"start":{"line":121,"column":12},"end":{"line":121,"column":36}},"69":{"start":{"line":122,"column":12},"end":{"line":122,"column":31}},"70":{"start":{"line":123,"column":12},"end":{"line":173,"column":15}},"71":{"start":{"line":124,"column":16},"end":{"line":124,"column":31}},"72":{"start":{"line":125,"column":16},"end":{"line":125,"column":42}},"73":{"start":{"line":126,"column":16},"end":{"line":128,"column":19}},"74":{"start":{"line":127,"column":20},"end":{"line":127,"column":37}},"75":{"start":{"line":130,"column":16},"end":{"line":170,"column":19}},"76":{"start":{"line":131,"column":20},"end":{"line":131,"column":33}},"77":{"start":{"line":132,"column":20},"end":{"line":169,"column":23}},"78":{"start":{"line":134,"column":24},"end":{"line":134,"column":80}},"79":{"start":{"line":136,"column":24},"end":{"line":138,"column":25}},"80":{"start":{"line":137,"column":28},"end":{"line":137,"column":42}},"81":{"start":{"line":141,"column":24},"end":{"line":148,"column":25}},"82":{"start":{"line":142,"column":28},"end":{"line":144,"column":30}},"83":{"start":{"line":143,"column":32},"end":{"line":143,"column":70}},"84":{"start":{"line":145,"column":28},"end":{"line":147,"column":29}},"85":{"start":{"line":146,"column":32},"end":{"line":146,"column":46}},"86":{"start":{"line":150,"column":24},"end":{"line":160,"column":25}},"87":{"start":{"line":151,"column":28},"end":{"line":151,"column":81}},"88":{"start":{"line":151,"column":62},"end":{"line":151,"column":81}},"89":{"start":{"line":152,"column":31},"end":{"line":160,"column":25}},"90":{"start":{"line":154,"column":28},"end":{"line":159,"column":29}},"91":{"start":{"line":155,"column":32},"end":{"line":155,"column":153}},"92":{"start":{"line":157,"column":32},"end":{"line":157,"column":58}},"93":{"start":{"line":158,"column":32},"end":{"line":158,"column":69}},"94":{"start":{"line":161,"column":24},"end":{"line":161,"column":31}},"95":{"start":{"line":163,"column":24},"end":{"line":163,"column":57}},"96":{"start":{"line":163,"column":35},"end":{"line":163,"column":55}},"97":{"start":{"line":164,"column":24},"end":{"line":168,"column":25}},"98":{"start":{"line":165,"column":28},"end":{"line":165,"column":69}},"99":{"start":{"line":167,"column":28},"end":{"line":167,"column":42}},"100":{"start":{"line":172,"column":16},"end":{"line":172,"column":94}},"101":{"start":{"line":176,"column":12},"end":{"line":176,"column":50}},"102":{"start":{"line":177,"column":12},"end":{"line":177,"column":42}},"103":{"start":{"line":178,"column":12},"end":{"line":178,"column":46}},"104":{"start":{"line":179,"column":12},"end":{"line":184,"column":33}},"105":{"start":{"line":180,"column":16},"end":{"line":180,"column":48}},"106":{"start":{"line":181,"column":16},"end":{"line":181,"column":34}},"107":{"start":{"line":183,"column":16},"end":{"line":183,"column":83}},"108":{"start":{"line":185,"column":12},"end":{"line":244,"column":15}},"109":{"start":{"line":186,"column":16},"end":{"line":241,"column":19}},"110":{"start":{"line":187,"column":20},"end":{"line":240,"column":21}},"111":{"start":{"line":188,"column":24},"end":{"line":188,"column":38}},"112":{"start":{"line":190,"column":24},"end":{"line":190,"column":64}},"113":{"start":{"line":191,"column":24},"end":{"line":199,"column":29}},"114":{"start":{"line":192,"column":28},"end":{"line":194,"column":31}},"115":{"start":{"line":193,"column":32},"end":{"line":193,"column":87}},"116":{"start":{"line":195,"column":28},"end":{"line":195,"column":90}},"117":{"start":{"line":196,"column":28},"end":{"line":196,"column":61}},"118":{"start":{"line":196,"column":49},"end":{"line":196,"column":61}},"119":{"start":{"line":197,"column":28},"end":{"line":197,"column":50}},"120":{"start":{"line":198,"column":28},"end":{"line":198,"column":84}},"121":{"start":{"line":203,"column":24},"end":{"line":205,"column":25}},"122":{"start":{"line":204,"column":28},"end":{"line":204,"column":80}},"123":{"start":{"line":206,"column":24},"end":{"line":206,"column":59}},"124":{"start":{"line":208,"column":24},"end":{"line":208,"column":45}},"125":{"start":{"line":209,"column":24},"end":{"line":214,"column":25}},"126":{"start":{"line":210,"column":28},"end":{"line":210,"column":99}},"127":{"start":{"line":212,"column":28},"end":{"line":212,"column":34}},"128":{"start":{"line":213,"column":28},"end":{"line":213,"column":35}},"129":{"start":{"line":215,"column":24},"end":{"line":215,"column":77}},"130":{"start":{"line":216,"column":24},"end":{"line":216,"column":69}},"131":{"start":{"line":217,"column":24},"end":{"line":217,"column":62}},"132":{"start":{"line":219,"column":24},"end":{"line":219,"column":40}},"133":{"start":{"line":220,"column":24},"end":{"line":229,"column":25}},"134":{"start":{"line":221,"column":28},"end":{"line":226,"column":31}},"135":{"start":{"line":227,"column":28},"end":{"line":227,"column":54}},"136":{"start":{"line":228,"column":28},"end":{"line":228,"column":58}},"137":{"start":{"line":231,"column":24},"end":{"line":235,"column":27}},"138":{"start":{"line":237,"column":24},"end":{"line":237,"column":60}},"139":{"start":{"line":239,"column":24},"end":{"line":239,"column":39}},"140":{"start":{"line":243,"column":16},"end":{"line":243,"column":40}},"141":{"start":{"line":248,"column":12},"end":{"line":263,"column":13}},"142":{"start":{"line":249,"column":16},"end":{"line":249,"column":26}},"143":{"start":{"line":251,"column":16},"end":{"line":254,"column":60}},"144":{"start":{"line":256,"column":16},"end":{"line":262,"column":17}},"145":{"start":{"line":257,"column":20},"end":{"line":259,"column":23}},"146":{"start":{"line":258,"column":24},"end":{"line":258,"column":71}},"147":{"start":{"line":261,"column":20},"end":{"line":261,"column":47}}},"branchMap":{"1":{"line":31,"type":"if","locations":[{"start":{"line":31,"column":4},"end":{"line":31,"column":4}},{"start":{"line":31,"column":4},"end":{"line":31,"column":4}}]},"2":{"line":33,"type":"if","locations":[{"start":{"line":33,"column":8},"end":{"line":33,"column":8}},{"start":{"line":33,"column":8},"end":{"line":33,"column":8}}]},"3":{"line":33,"type":"binary-expr","locations":[{"start":{"line":33,"column":12},"end":{"line":33,"column":31}},{"start":{"line":33,"column":35},"end":{"line":33,"column":56}}]},"4":{"line":38,"type":"if","locations":[{"start":{"line":38,"column":13},"end":{"line":38,"column":13}},{"start":{"line":38,"column":13},"end":{"line":38,"column":13}}]},"5":{"line":38,"type":"binary-expr","locations":[{"start":{"line":38,"column":17},"end":{"line":38,"column":36}},{"start":{"line":38,"column":40},"end":{"line":38,"column":61}}]},"6":{"line":43,"type":"if","locations":[{"start":{"line":43,"column":11},"end":{"line":43,"column":11}},{"start":{"line":43,"column":11},"end":{"line":43,"column":11}}]},"7":{"line":45,"type":"if","locations":[{"start":{"line":45,"column":8},"end":{"line":45,"column":8}},{"start":{"line":45,"column":8},"end":{"line":45,"column":8}}]},"8":{"line":51,"type":"if","locations":[{"start":{"line":51,"column":13},"end":{"line":51,"column":13}},{"start":{"line":51,"column":13},"end":{"line":51,"column":13}}]},"9":{"line":59,"type":"binary-expr","locations":[{"start":{"line":59,"column":4},"end":{"line":59,"column":8}},{"start":{"line":59,"column":13},"end":{"line":65,"column":5}}]},"10":{"line":60,"type":"if","locations":[{"start":{"line":60,"column":8},"end":{"line":60,"column":8}},{"start":{"line":60,"column":8},"end":{"line":60,"column":8}}]},"11":{"line":66,"type":"binary-expr","locations":[{"start":{"line":66,"column":4},"end":{"line":66,"column":11}},{"start":{"line":66,"column":16},"end":{"line":66,"column":28}}]},"12":{"line":75,"type":"binary-expr","locations":[{"start":{"line":75,"column":18},"end":{"line":75,"column":26}},{"start":{"line":75,"column":31},"end":{"line":75,"column":53}}]},"13":{"line":75,"type":"cond-expr","locations":[{"start":{"line":75,"column":43},"end":{"line":75,"column":47}},{"start":{"line":75,"column":50},"end":{"line":75,"column":53}}]},"14":{"line":84,"type":"if","locations":[{"start":{"line":84,"column":12},"end":{"line":84,"column":12}},{"start":{"line":84,"column":12},"end":{"line":84,"column":12}}]},"15":{"line":93,"type":"if","locations":[{"start":{"line":93,"column":20},"end":{"line":93,"column":20}},{"start":{"line":93,"column":20},"end":{"line":93,"column":20}}]},"16":{"line":102,"type":"if","locations":[{"start":{"line":102,"column":12},"end":{"line":102,"column":12}},{"start":{"line":102,"column":12},"end":{"line":102,"column":12}}]},"17":{"line":102,"type":"binary-expr","locations":[{"start":{"line":102,"column":16},"end":{"line":102,"column":28}},{"start":{"line":102,"column":32},"end":{"line":102,"column":56}}]},"18":{"line":108,"type":"if","locations":[{"start":{"line":108,"column":20},"end":{"line":108,"column":20}},{"start":{"line":108,"column":20},"end":{"line":108,"column":20}}]},"19":{"line":115,"type":"cond-expr","locations":[{"start":{"line":115,"column":30},"end":{"line":115,"column":34}},{"start":{"line":115,"column":37},"end":{"line":115,"column":48}}]},"20":{"line":136,"type":"if","locations":[{"start":{"line":136,"column":24},"end":{"line":136,"column":24}},{"start":{"line":136,"column":24},"end":{"line":136,"column":24}}]},"21":{"line":136,"type":"binary-expr","locations":[{"start":{"line":136,"column":28},"end":{"line":136,"column":50}},{"start":{"line":136,"column":54},"end":{"line":136,"column":88}}]},"22":{"line":141,"type":"if","locations":[{"start":{"line":141,"column":24},"end":{"line":141,"column":24}},{"start":{"line":141,"column":24},"end":{"line":141,"column":24}}]},"23":{"line":145,"type":"if","locations":[{"start":{"line":145,"column":28},"end":{"line":145,"column":28}},{"start":{"line":145,"column":28},"end":{"line":145,"column":28}}]},"24":{"line":150,"type":"if","locations":[{"start":{"line":150,"column":24},"end":{"line":150,"column":24}},{"start":{"line":150,"column":24},"end":{"line":150,"column":24}}]},"25":{"line":150,"type":"binary-expr","locations":[{"start":{"line":150,"column":28},"end":{"line":150,"column":53}},{"start":{"line":150,"column":57},"end":{"line":150,"column":94}}]},"26":{"line":151,"type":"if","locations":[{"start":{"line":151,"column":28},"end":{"line":151,"column":28}},{"start":{"line":151,"column":28},"end":{"line":151,"column":28}}]},"27":{"line":152,"type":"if","locations":[{"start":{"line":152,"column":31},"end":{"line":152,"column":31}},{"start":{"line":152,"column":31},"end":{"line":152,"column":31}}]},"28":{"line":154,"type":"if","locations":[{"start":{"line":154,"column":28},"end":{"line":154,"column":28}},{"start":{"line":154,"column":28},"end":{"line":154,"column":28}}]},"29":{"line":163,"type":"if","locations":[{"start":{"line":163,"column":24},"end":{"line":163,"column":24}},{"start":{"line":163,"column":24},"end":{"line":163,"column":24}}]},"30":{"line":164,"type":"if","locations":[{"start":{"line":164,"column":24},"end":{"line":164,"column":24}},{"start":{"line":164,"column":24},"end":{"line":164,"column":24}}]},"31":{"line":187,"type":"if","locations":[{"start":{"line":187,"column":20},"end":{"line":187,"column":20}},{"start":{"line":187,"column":20},"end":{"line":187,"column":20}}]},"32":{"line":196,"type":"if","locations":[{"start":{"line":196,"column":28},"end":{"line":196,"column":28}},{"start":{"line":196,"column":28},"end":{"line":196,"column":28}}]},"33":{"line":203,"type":"if","locations":[{"start":{"line":203,"column":24},"end":{"line":203,"column":24}},{"start":{"line":203,"column":24},"end":{"line":203,"column":24}}]},"34":{"line":220,"type":"if","locations":[{"start":{"line":220,"column":24},"end":{"line":220,"column":24}},{"start":{"line":220,"column":24},"end":{"line":220,"column":24}}]},"35":{"line":248,"type":"if","locations":[{"start":{"line":248,"column":12},"end":{"line":248,"column":12}},{"start":{"line":248,"column":12},"end":{"line":248,"column":12}}]},"36":{"line":256,"type":"if","locations":[{"start":{"line":256,"column":16},"end":{"line":256,"column":16}},{"start":{"line":256,"column":16},"end":{"line":256,"column":16}}]},"37":{"line":258,"type":"cond-expr","locations":[{"start":{"line":258,"column":48},"end":{"line":258,"column":52}},{"start":{"line":258,"column":55},"end":{"line":258,"column":69}}]}},"code":["var jade = require('jade');","var async = require('async');","var beautify = require('./lib/beautify');","var simplifyTemplate = require('./lib/simplifyTemplate');","var transformMixins = require('./lib/transformMixins');","var renameJadeFn = require('./lib/renameJadeFn');","var walkdir = require('walkdir');","var path = require('path');","var util = require('util');","var _ = require('lodash');","var fs = require('fs');","var glob = require('glob');","var minimatch = require('minimatch');","var namedTemplateFn = require('./lib/namedTemplateFn');","var bracketedName = require('./lib/bracketedName');","","// Setting dynamicMixins to true will result in","// all mixins being written to the file","function DynamicMixinsCompiler() {","    jade.Compiler.apply(this, arguments);","    this.dynamicMixins = true;","}","util.inherits(DynamicMixinsCompiler, jade.Compiler);","","// Our internal namespace","var NAMESPACE = 'templatizer';","","module.exports = function (input, output, options, done) {","    var args = arguments;","","    if (args.length === 3) {","        // input, output, done","        if (_.isString(args[1]) && _.isFunction(args[2])) {","            done = args[2];","            options = null;","        }","        // input, options, done","        else if (_.isObject(args[1]) && _.isFunction(args[2])) {","            done = args[2];","            options = args[1];","            output = null;","        }","    } else if (arguments.length === 2) {","        // input, done","        if (_.isFunction(args[1])) {","            done = args[1];","            options = null;","            output = null;","        }","        // input, options","        else if (_.isObject(args[1])) {","            options = args[1];","            done = null;","            output = null;","        }","    }","","    // Default values for done and options so we dont error","    done || (done = function (err, compiledOutput) {","        if (err) {","            throw err;","        } else {","            process.stdout.write(compiledOutput);","        }","    });","    options || (options = {});","","    _.defaults(options, {","        transformMixins: false,","        jade: {},","        globOptions: {}","    });","","    var isWindows = process.platform === 'win32';","    var pathSep = path.sep || (isWindows ? '\\\\' : '/');","    var pathSepRegExp = /\\/|\\\\/g;","    var jadeCompileOptions = _.extend({","        client: true,","        compileDebug: false,","        pretty: false","    }, options.jade);","    async.waterfall([","        function (cb) {","            if (typeof input === \"string\") {","                glob(input, options.globOptions, cb);","            } else {","                cb(null, input);","            }","        },","        function (matches, cb) {","            var directories = _.chain(matches)","                .map(function (templateDirectory) {","                    if (path.extname(templateDirectory).length > 1) {","                        // Remove filename and ext","                        return path.dirname(templateDirectory).replace(pathSepRegExp, pathSep);","                    }","                    return templateDirectory.replace(pathSepRegExp, pathSep);","                })","                .uniq()","                .value();","","            if (!directories || directories.length === 0) {","                return cb(new Error(input + ' did not match anything existing'));","            }","","            async.each(directories, function (dir, dirDone) {","                fs.exists(dir, function (exists) {","                    if (!exists) {","                        dirDone(new Error('Template directory ' + dir + ' does not exist.'));","                    } else {","                        dirDone(null);","                    }","                });","            }, function (err) {","                cb(err, err ? null : directories);","            });","        },","        function (directories, cb) {","            var folders = [];","            var templates = [];","            var _readTemplates = [];","            var conflicts = [];","            async.each(directories, function (dir, dirDone) {","                var files = [];","                var walker = walkdir(dir);","                walker.on('path', function (file) {","                    files.push(file);","                });","","                walker.on('end', function () {","                    files.sort();","                    async.each(files, function (file, done) {","","                        var item = file.replace(path.resolve(dir), '').slice(1);","                        // Skip hidden files","                        if (item.charAt(0) === '.' || item.indexOf(pathSep + '.') !== -1) {","                            return done();","                        }","","                        // Skip files not matching the initial globbing pattern","                        if (options.globOptions.ignore) {","                            var match = function (ignorePattern) {","                                return minimatch(file, ignorePattern);","                            };","                            if (options.globOptions.ignore.some(match)) {","                                return done();","                            }","                        }","","                        if (path.extname(item) === '' && path.basename(item).charAt(0) !== '.') {","                            if (folders.indexOf(item) === -1) folders.push(item);","                        } else if (path.extname(item) === '.jade') {","                            // Store an err if we are about to override a template","                            if (_readTemplates.indexOf(item) > -1) {","                                conflicts.push(item + ' from ' + dir + pathSep + item + ' already exists in ' + templates[_readTemplates.indexOf(item)]);","                            } else {","                                _readTemplates.push(item);","                                templates.push(dir + pathSep + item);","                            }","                        }","                        done();","                    }, function (err) {","                        if (err) { return dirDone(err); }","                        if (conflicts.length) {","                            dirDone(new Error(conflicts.join(', ')));","                        } else {","                            dirDone(null);","                        }","                    });","                });","            }, function (err) {","                cb(err, { templates: templates, folders: folders, directories: directories });","            });","        },","        function (results, cb) {","            var directories = results.directories;","            var folders = results.folders;","            var templates = results.templates;","            var compiledOutput = _.sortBy(folders, function (folder) {","                var arr = folder.split(pathSep);","                return arr.length;","            }).map(function (folder) {","                return NAMESPACE + bracketedName(folder.split(pathSep)) + ' = {};';","            }).join('\\n') + '\\n';","            async.eachSeries(templates, function (item, readDone) {","                fs.readFile(item, { encoding: 'utf-8' }, function (err, rawTemplate) {","                    if (err) {","                        readDone(err);","                    } else {","                        var name = path.basename(item, '.jade');","                        var dirString = function () {","                            var itemTemplateDir = _.find(directories, function (templateDirectory) {","                                return item.indexOf(templateDirectory + pathSep) === 0;","                            });","                            var dirname = path.dirname(item).replace(itemTemplateDir, '');","                            if (dirname === '.') return name;","                            dirname += '.' + name;","                            return dirname.substring(1).replace(pathSepRegE
[...]
           }];","            ast.body[0].body.body = simpleRoot;","","            //remove function parameter","            ast.body[0].params = [];","        }","    }","","    return escodegen.generate(ast);","};"],"l":{"1":1,"2":1,"5":1,"6":0,"8":0,"9":0,"11":0,"12":0,"14":0,"16":0,"18":0,"22":0,"24":0,"28":0,"30":0,"34":0,"37":0,"38":0,"42":0,"44":0,"49":0,"51":0,"58":0,"61":0,"65":0}},"/home/travis/build/npmtest/node-npmtest-templatizer/node_modules/templatizer/lib/transformMixins.js":{"path":"/home/travis/build/npmtest/node-npmtest-templatizer/node_modules/templatizer/lib/transformMixins.js","s":{"1":1,"2":1,"3":1,"4":1,"5":1,"6":1,"7":0,"8":1,"9":0,"10":1,"11":0,"12":1,"13":0,"14":0,"15":0,"16":0,"17":0,"18":0,"19":0,"20":0,"21":0,"22":0,"23":0,"24":0,"25":0,"26":0,"27":0,"28":0,"29":1,"30":0,"31":0,"32":0,"33":0,"34":0,"35":0,"36":0,"37":0,"38":0,"39":0,"40":0,"41":0,"42":0,"43":0,"44":0,"45":0,"46":0,"47":0,"48":1,"49":0,"50":0,"51":0,"52":0,"53":0,"54":0,"55":0},"b":{"1":[0,0],"2":[0,0],"3":[0,0],"4":[0,0,0,0,0,0,0],"5":[0,0,0,0,0],"6":[0,0],"7":[0,0],"8":[0,0,0,0,0],"9":[0,0]},"f":{"1":0,"2":0,"3":0,"4":0,"5":0,"6":0,"7":0,"8":0},"fnMap":{"1":{"name":"bufDeclartion","line":8,"loc":{"start":{"line":8,"column":0},"end":{"line":8,"column":29}}},"2":{"name":"jadeInterpDeclaration","line":22,"loc":{"start":{"line":22,"column":0},"end":{"line":22,"column":33}}},"3":{"name":"returnBuf","line":32,"loc":{"start":{"line":32,"column":0},"end":{"line":32,"column":25}}},"4":{"name":"transformMixinCalls","line":60,"loc":{"start":{"line":60,"column":0},"end":{"line":60,"column":44}}},"5":{"name":"findAndReplaceMixin","line":109,"loc":{"start":{"line":109,"column":0},"end":{"line":109,"column":44}}},"6":{"name":"(anonymous_6)","line":145,"loc":{"start":{"line":145,"column":73},"end":{"line":145,"column":89}}},"7":{"name":"(anonymous_7)","line":168,"loc":{"start":{"line":168,"column":17},"end":{"line":168,"column":36}}},"8":{"name":"(anonymous_8)","line":171,"loc":{"start":{"line":171,"column":45},"end":{"line":171,"column":61}}}},"statementMap":{"1":{"start":{"line":1,"column":0},"end":{"line":1,"column":37}},"2":{"start":{"line":2,"column":0},"end":{"line":2,"column":33}},"3":{"start":{"line":3,"column":0},"end":{"line":3,"column":51}},"4":{"start":{"line":4,"column":0},"end":{"line":4,"column":47}},"5":{"start":{"line":5,"column":0},"end":{"line":5,"column":45}},"6":{"start":{"line":8,"column":0},"end":{"line":20,"column":1}},"7":{"start":{"line":9,"column":4},"end":{"line":19,"column":6}},"8":{"start":{"line":22,"column":0},"end":{"line":30,"column":1}},"9":{"start":{"line":23,"column":4},"end":{"line":29,"column":6}},"10":{"start":{"line":32,"column":0},"end":{"line":58,"column":1}},"11":{"start":{"line":33,"column":4},"end":{"line":57,"column":6}},"12":{"start":{"line":60,"column":0},"end":{"line":107,"column":1}},"13":{"start":{"line":61,"column":4},"end":{"line":61,"column":18}},"14":{"start":{"line":62,"column":4},"end":{"line":62,"column":24}},"15":{"start":{"line":63,"column":4},"end":{"line":63,"column":16}},"16":{"start":{"line":66,"column":4},"end":{"line":106,"column":5}},"17":{"start":{"line":80,"column":8},"end":{"line":80,"column":44}},"18":{"start":{"line":81,"column":8},"end":{"line":81,"column":41}},"19":{"start":{"line":82,"column":8},"end":{"line":82,"column":41}},"20":{"start":{"line":84,"column":8},"end":{"line":85,"column":83}},"21":{"start":{"line":87,"column":8},"end":{"line":87,"column":83}},"22":{"start":{"line":89,"column":8},"end":{"line":93,"column":9}},"23":{"start":{"line":90,"column":12},"end":{"line":90,"column":58}},"24":{"start":{"line":92,"column":12},"end":{"line":92,"column":74}},"25":{"start":{"line":97,"column":8},"end":{"line":97,"column":48}},"26":{"start":{"line":99,"column":8},"end":{"line":99,"column":94}},"27":{"start":{"line":103,"column":8},"end":{"line":103,"column":85}},"28":{"start":{"line":105,"column":8},"end":{"line":105,"column":29}},"29":{"start":{"line":109,"column":0},"end":{"line":166,"column":1}},"30":{"start":{"line":110,"column":4},"end":{"line":110,"column":18}},"31":{"start":{"line":111,"column":4},"end":{"line":111,"column":24}},"32":{"start":{"line":112,"column":4},"end":{"line":112,"column":19}},"33":{"start":{"line":115,"column":4},"end":{"line":163,"column":5}},"34":{"start":{"line":122,"column":8},"end":{"line":122,"column":56}},"35":{"start":{"line":123,"column":8},"end":{"line":123,"column":64}},"36":{"start":{"line":126,"column":8},"end":{"line":126,"column":62}},"37":{"start":{"line":129,"column":8},"end":{"line":129,"column":70}},"38":{"start":{"line":132,"column":8},"end":{"line":132,"column":42}},"39":{"start":{"line":135,"column":8},"end":{"line":135,"column":68}},"40":{"start":{"line":138,"column":8},"end":{"line":138,"column":65}},"41":{"start":{"line":139,"column":8},"end":{"line":142,"column":10}},"42":{"start":{"line":145,"column":8},"end":{"line":147,"column":22}},"43":{"start":{"line":146,"column":12},"end":{"line":146,"column":47}},"44":{"start":{"line":151,"column":8},"end":{"line":151,"column":78}},"45":{"start":{"line":154,"column":8},"end":{"line":159,"column":11}},"46":{"start":{"line":162,"column":8},"end":{"line":162,"column":24}},"47":{"start":{"line":165,"column":4},"end":{"line":165,"column":17}},"48":{"start":{"line":168,"column":0},"end":{"line":181,"column":2}},"49":{"start":{"line":169,"column":4},"end":{"line":169,"column":20}},"50":{"start":{"line":171,"column":4},"end":{"line":175,"column":7}},"51":{"start":{"line":172,"column":8},"end":{"line":172,"column":55}},"52":{"start":{"line":173,"column":8},"end":{"line":173,"column":38}},"53":{"start":{"line":173,"column":19},"end":{"line":173,"column":38}},"54":{"start":{"line":174,"column":8},"end":{"line":174,"column":43}},"55":{"start":{"line":177,"column":4},"end":{"line":180,"column":6}}},"branchMap":{"1":{"line":13,"type":"binary-expr","locations":[{"start":{"line":13,"column":20},"end":{"line":13,"column":24}},{"start":{"line":13,"column":28},"end":{"line":13,"column":33}}]},"2":{"line":42,"type":"binary-expr","locations":[{"start":{"line":42,"column":28},"end":{"line":42,"column":32}},{"start":{"line":42,"column":36},"end":{"line":42,"column":41}}]},"3":{"line":66,"type":"if","locations":[{"start":{"line":66,"column":4},"end":{"line":66,"column":4}},{"start":{"line":66,"column":4},"end":{"line":66,"column":4}}]},"4":{"line":67,"type":"binary-expr","locations":[{"start":{"line":67,"column":8},"end":{"line":67,"column":43}},{"start":{"line":68,"column":8},"end":{"line":68,"column":49}},{"start":{"line":69,"column":8},"end":{"line":69,"column":30}},{"start":{"line":70,"column":8},"end":{"line":70,"column":37}},{"start":{"line":72,"column":12},"end":{"line":72,"column":64}},{"start":{"line":74,"column":16},"end":{"line":74,"column":52}},{"start":{"line":75,"column":16},"end":{"line":75,"column":75}}]},"5":{"line":84,"type":"binary-expr","locations":[{"start":{"line":84,"column":21},"end":{"line":84,"column":31}},{"start":{"line":84,"column":35},"end":{"line":84,"column":51}},{"start":{"line":85,"column":13},"end":{"line":85,"column":25}},{"start":{"line":85,"column":29},"end":{"line":85,"column":50}},{"start":{"line":85,"column":54},"end":{"line":85,"column":81}}]},"6":{"line":89,"type":"if","locations":[{"start":{"line":89,"column":8},"end":{"line":89,"column":8}},{"start":{"line":89,"column":8},"end":{"line":89,"column":8}}]},"7":{"line":115,"type":"if","locations":[{"start":{"line":115,"column":4},"end":{"line":115,"column":4}},{"start":{"line":115,"column":4},"end":{"line":115,"column":4}}]},"8":{"line":116,"type":"binary-expr","locations":[{"start":{"line":116,"column":8},"end":{"line":116,"column":43}},{"start":{"line":117,"column":8},"end":{"line":117,"column":55}},{"start":{"line":118,"column":8},"end":{"line":118,"column":28}},{"start":{"line":119,"column":8},"end":{"line":119,"column":35}},{"start":{"line":120,"column":8},"end":{"line":120,"column":58}}]},"9":{"line":173,"type":"if","locations":[{"start":{"line":173,"column":8},"end":{"line":173,"column":8}},{"start":{"line":173,"column":8},"end":{"line":173,"column":8}}]}},"code":["var escodegen = require('escodegen');","var falafel = require('falafel');","var namedTemplateFn = require('./namedTemplateFn');","var bracketedName = require('./bracketedName');","var templateName = require('./templateName');","","","function bufDeclartion(name) {","    return {","        \"type\": \"VariableDeclarator\",","        \"id\": {","            \"type\": \"Identifier\",","            \"name\": name || \"buf\"","        },","        \"init\": {","            \"type\": \"ArrayExpression\",","            \"elements\": []","        }","    };","}","","function jadeInterpDeclaration() {","    return {","        \"type\": \"VariableDeclarator\",","        \"id\": {","            \"type\": \"Identifier\",","            \"name\": \"jade_interp\"","        }","    };","}","","function returnBuf(name) {","    return {","        \"type\": \"ReturnStatement\",","        \"argument\": {","            \"type\": \"CallExpression\",","            \"callee\": {","                \"type\": \"MemberExpression\",","                \"computed\": false,","                \"object\": {","                    \"type\": \"Identifier\",","                    \"name\": name || \"buf\"","                },","                \"property\": {","                    \"type\": \"Identifier\",","                    \"name\": \"join\"","                }","            },","            \"arguments\": [","                {","                    \"type\": \"Literal\",","                    \"value\": \"\",","                    \"raw\": \"\\\"\\\"\"","                }","            ]","        }","    };","}","","function transformMixinCalls(node, options) {","    var mixinName;","    var mixinInvocation;","    var newCall;","","    // Check all fn calls to see if they are mixins","    if (","        node.type === 'ExpressionStatement' &&","        node.expression.type === 'CallExpression' &&","        node.expression.callee &&","        node.expression.callee.object &&","        (","            node.expression.callee.object.name === 'jade_mixins' ||","            (","                node.expression.callee.object.object &&","                node.expression.callee.object.object.name === 'jade_mixins'","            )","        )","    ) {","        ","        var callee = node.expression.callee;","        var calleeProp = callee.property;","        var calleeObject = callee.object;","","        mixinName = (calleeProp && calleeProp.value) ||","            (calleeObject && calleeObject.property && calleeObject.property.value);","","        mixinInvocation = options.rootName + bracketedName(options.dir.split('.'));","","        if (mixinName) {","            mixinInvocation += bracketedName([mixinName]);","        } else {","            mixinInvocation += \"[\" + escodegen.generate(calleeProp) + \"]\";","        }","","        // Call the function from templatizer and its path","        // Also send the func return val to the buffer array","        newCall = 'buf.push(' + mixinInvocation;","        // TODO: makde this use falafel/escodegen instead of regex replacement","        newCall = node.source().replace(/^jade_mixins\\[.*?\\]([\\s\\S]*);$/gm, newCall + '$1);');","","        // TODO: use codegen to add buf to block","        // Use the buf that is scoped to the mixin for the block","        newCall = newCall.replace('block: function () {', 'block: function (buf) {');","","        node.update(newCall);","    }","}","","function findAndReplaceMixin(node, options) {","    var mixinName;","    var mixinStatements;","    var mixin = '';","","    // Check all assignments to see if they are mixins","    if (","        node.type === 'ExpressionStatement' &&","        node.expression.type === 'AssignmentExpression' &&","        node.expression.left &&","        node.expression.left.object &&","        node.expression.left.object.name === 'jade_mixins'","    ) {","        mixinName = node.expression.left.property.value;","        mixinStatements = node.expression.right.right.body.body;","","        // Add buffer array to variable declarations","        mixinStatements[0].declarations.push(bufDeclartion());","","        // Add jade_interp declaration for use in 'strict mode'","        mixinStatements[0].declarations.push(jadeInterpDeclaration());","","        // Return the buffer joined as a string from the function","        mixinStatements.push(returnBuf());","","        // Update the node","        node.expression.update(escodegen.generate(node.expression));","","        // Make the mixin a named function declaration","        node.expression.right.right.type = 'FunctionDeclaration';","        node.expression.right.right.id = {","            \"type\": \"Identifier\",","            \"name\": templateName(options.dir + '_' + mixinName)","        };","","        // Traverse newly updated mixin functions for calls to other mixins","        mixin = falafel(escodegen.generate(node.expression.right.right), function (node) {","            transformMixinCalls(node, options);","        }).toString();","","        // TODO: use codegen to add buf to block","        // Use the buf scoped to the mixin for each block","        mixin = mixin.replace(/block && block\\(\\);/g, 'block && block(buf);');","","        // Add a commented and named function to be returned","        mixin = namedTemplateFn({","            fn: mixin,","            rootName: options.rootName,","            dir: options.dir,","            mixinName: mixinName","        });","","        // Remove the previous creation of the mixin function","        node.update('');","    }","","    return mixin;","}","","module.exports = function (options) {","    var mixins = [];","","    var template = falafel(options.template, function (node) {","        var mixin = findAndReplaceMixin(node, options);","        if (mixin) mixins.push(mixin);","        transformMixinCalls(node, options);","    });","","    return {","        template: template,","        mixins: mixins","    };","};","",""],"l":{"1":1,"2":1,"3":1,"4":1,"5":1,"8":1,"9":0,"22":1,"23":0,"32":1,"33":0,"60":1,"61":0,"62":0,"63":0,"66":0,"80":0,"81":0,"82":0,"84":0,"87":0,"89":0,"90":0,"92":0,"97":0,"99":0,"103":0,"105":0,"109":1,"110":0,"111":0,"112":0,"115":0,"122":0,"123":0,"126":0,"129":0,"132":0,"135":0,"138":0,"139":0,"145":0,"146":0,"151":0,"154":0,"162":0,"165":0,"168":1,"169":0,"171":0,"172":0,"173":0,"174":0,"177":0}},"/home/travis/build/npmtest/node-npmtest-templatizer/node_modules/templatizer/lib/namedTemplateFn.js":{"path":"/home/travis/build/npmtest/node-npmtest-templatizer/node_modules/templatizer/lib/namedTemplateFn.js","s":{"1":1,"2":1,"3":1,"4":1,"5":0,"6":1,"7":0,"8":1,"9":0,"10":0,"11":0,"12":0,"13":0,"14":0},"b":{"1":[0,0],"2":[0,0]},"f":{"1":0,"2":0,"3":0},"fnMap":{"1":{"name":"toFileName","line":5,"loc":{"start":{"line":5,"column":0},"end":{"line":5,"column":26}}},"2":{"name":"toVarName","line":9,"loc":{"start":{"line":9,"column":0},"end":{"line":9,"column":25}}},"3":{"name":"(anonymous_3)","line":13,"loc":{"start":{"line":13,"column":17},"end":{"line":13,"column":36}}}},"statementMap":{"1":{"start":{"line":1,"column":0},"end":{"line":1,"column":27}},"2":{"start":{"line":2,"column":0},"end":{"line":2,"column":47}},"3":{"start":{"line":3,"column":0},"end":{"line":3,"column":37}},"4":{"start":{"line":5,"column":0},"end":{"line":7,"column":1}},"5":{"start":{"line":6,"column":4},"end":{"line":6,"column":41}},"6":{"start":{"line":9,"column":0},"end":{"line":11,"column":1}},"7":{"start":{"line":10,"column":4},"end":{"line":10,"column":42}},"8":{"start":{"line":13,"column":0},"end":{"line":28,"column":2}},"9":{"start":{"line":14,"column":4},"end":{"line":14,"column":53}},"10":{"start":{"line":15,"column":4},"end":{"line":15,"column":41}},"11":{"start":{"line":17,"column":4},"end":{"line":20,"column":5}},"12":{"start":{"line":18,"column":8},"end":{"line":18,"column":56}},"13":{"start":{"line":19,"column":8},"end":{"line":19,"column":48}},"14":{"start":{"line":22,"column":4},"end":{"line":27,"column":17}}},"branchMap":{"1":{"line":17,"type":"if","locations":[{"start":{"line":17,"column":4},"end":{"line":17,"column":4}},{"start":{"line":17,"column":4},"end":{"line":17,"column":4}}]},"2":{"line":25,"type":"cond-expr","locations":[{"start":{"line":25,"column":110},"end":{"line":25,"column":112}},{"start":{"line":25,"column":115},"end":{"line":25,"column":118}}]}},"code":["var path = require('path');","var bracketedName = require('./bracketedName');","var beautify = require('./beautify');","","function toFileName(name) {","    return name.replace(/\\./g, path.sep);","}","","function toVarName(name) {","    return bracketedName(name.split('.'));","}","","module.exports = function (options) {","    var fileName = toFileName(options.dir) + '.jade';","    var varName = toVarName(options.dir);","","    if (options.mixinName) {","        fileName += ':' + toFileName(options.mixinName);","        varName += toVarName(options.mixinName);","    }","","    return [","        '',","        '// ' + fileName + ' compiled template',","        beautify(options.rootName + varName + ' = ' + options.fn + (options.fn.toString().slice(-1) === ';' ? '' : ';')),","        ''","    ].join('\\n');","};"],"l":{"1":1,"2":1,"3":1,"5":1,"6":0,"9":1,"10":0,"13":1,"14":0,"15":0,"17":0,"18":0,"19":0,"22":0}},"/home/travis/build/npmtest/node-npmtest-templatizer/node_modules/templatizer/lib/bracketedName.js":{"path":"/home/travis/build/npmtest/node-npmtest-templatizer/node_modules/templatizer/lib/bracketedName.js","s":{"1":1,"2":0},"b":{},"f":{"1":0},"fnMap":{"1":{"name":"(anonymous_1)","line":1,"loc":{"start":{"line":1,"column":17},"end":{"line":1,"column":33}}}},"statementMap":{"1":{"start":{"line":1,"column":0},"end":{"line":3,"column":2}},"2":{"start":{"line":2,"column":4},"end":{"line":2,"column":43}}},"branchMap":{},"code":["module.exports = function (name) {","    return '[\"' + name.join('\"][\"') + '\"]';","};"],"l":{"1":1,"2":0}},"/home/travis/build/npmtest/node-npmtest-templatizer/node_modules/templatizer/lib/templateName.js":{"path":"/home/travis/build/npmtest/node-npmtest-templatizer/node_modules/templatizer/lib/templateName.js","s":{"1":1,"2":0},"b":{},"f":{"1":0},"fnMap":{"1":{"name":"(anonymous_1)","line":1,"loc":{"start":{"line":1,"column":17},"end":{"line":1,"column":33}}}},"statementMap":{"1":{"start":{"line":1,"column":0},"end":{"line":3,"column":2}},"2":{"start":{"line":2,"column":4},"end":{"line":2,"column":56}}},"branchMap":{},"code":["module.exports = function (name) {","    return 'tmpl_' + name.replace(/[^A-Za-z0-9]/g, '_');","};"],"l":{"1":1,"2":0}},"/home/travis/build/npmtest/node-npmtest-templatizer/node_modules/templatizer/lib/renameJadeFn.js":{"path":"/home/travis/build/npmtest/node-npmtest-templatizer/node_modules/templatizer/lib/renameJadeFn.js","s":{"1":1,"2":1,"3":1,"4":1,"5":0,"6":0,"7":0},"b":{},"f":{"1":0},"fnMap":{"1":{"name":"(anonymous_1)","line":6,"loc":{"start":{"line":6,"column":17},"end":{"line":6,"column":39}}}},"statementMap":{"1":{"start":{"line":1,"column":0},"end":{"line":1,"column":33}},"2":{"start":{"line":2,"column":0},"end":{"line":2,"column":37}},"3":{"start":{"line":3,"column":0},"end":{"line":3,"column":41}},"4":{"start":{"line":6,"column":0},"end":{"line":10,"column":2}},"5":{"start":{"line":7,"column":4},"end":{"line":7,"column":34}},"6":{"start":{"line":8,"column":4},"end":{"line":8,"column":41}},"7":{"start":{"line":9,"column":4},"end":{"line":9,"column":35}}},"branchMap":{},"code":["var esprima = require('esprima');","var escodegen = require('escodegen');","var tmplName = require('./templateName');","","","module.exports = function (func, name) {","    var ast = esprima.parse(func);","    ast.body[0].id.name = tmplName(name);","    return escodegen.generate(ast);","};",""],"l":{"1":1,"2":1,"3":1,"6":1,"7":0,"8":0,"9":0}}}